{"/mnt/C012BA0A12BA0586/Study/Programming/JavaScript/YPractice/pixel_chat/register.js":{"path":"/mnt/C012BA0A12BA0586/Study/Programming/JavaScript/YPractice/pixel_chat/register.js","statementMap":{"0":{"start":{"line":1,"column":15},"end":{"line":1,"column":33}},"1":{"start":{"line":2,"column":0},"end":{"line":2,"column":26}},"2":{"start":{"line":4,"column":0},"end":{"line":8,"column":3}}},"fnMap":{},"branchMap":{},"s":{"0":1,"1":1,"2":1},"f":{},"b":{},"_coverageSchema":"1a1c01bbd47fc00a2c39e90264f33305004495a9","hash":"5affbc44baf1b7ae59af802d0001819f9686c73b","contentHash":"adb425122048aecffeb23372ee0ccde678b54907c7ffe3d40527f16fae9346d8"},"/mnt/C012BA0A12BA0586/Study/Programming/JavaScript/YPractice/pixel_chat/src/utils/pixel/root/pixel.spec.ts":{"path":"/mnt/C012BA0A12BA0586/Study/Programming/JavaScript/YPractice/pixel_chat/src/utils/pixel/root/pixel.spec.ts","statementMap":{"0":{"start":{"line":2,"column":0},"end":{"line":2,"column":62}},"1":{"start":{"line":3,"column":13},"end":{"line":3,"column":28}},"2":{"start":{"line":4,"column":15},"end":{"line":4,"column":35}},"3":{"start":{"line":5,"column":14},"end":{"line":5,"column":33}},"4":{"start":{"line":6,"column":14},"end":{"line":6,"column":32}},"5":{"start":{"line":7,"column":0},"end":{"line":12,"column":3}},"6":{"start":{"line":8,"column":4},"end":{"line":11,"column":7}},"7":{"start":{"line":9,"column":8},"end":{"line":9,"column":93}},"8":{"start":{"line":10,"column":8},"end":{"line":10,"column":90}}},"fnMap":{"0":{"name":"(anonymous_0)","decl":{"start":{"line":7,"column":23},"end":{"line":7,"column":24}},"loc":{"start":{"line":7,"column":35},"end":{"line":12,"column":1}},"line":7},"1":{"name":"(anonymous_1)","decl":{"start":{"line":8,"column":39},"end":{"line":8,"column":40}},"loc":{"start":{"line":8,"column":51},"end":{"line":11,"column":5}},"line":8}},"branchMap":{},"s":{"0":1,"1":1,"2":1,"3":1,"4":1,"5":1,"6":1,"7":1,"8":1},"f":{"0":1,"1":1},"b":{},"inputSourceMap":{"version":3,"file":"/mnt/C012BA0A12BA0586/Study/Programming/JavaScript/YPractice/pixel_chat/src/utils/pixel/root/pixel.spec.ts","sources":["/mnt/C012BA0A12BA0586/Study/Programming/JavaScript/YPractice/pixel_chat/src/utils/pixel/root/pixel.spec.ts"],"names":[],"mappings":";;AACA,6BAA8B;AAC9B,oCAAmC;AACnC,kCAAiC;AACjC,iCAAgC;AAEhC,QAAQ,CAAC,YAAY,EAAE;IACrB,EAAE,CAAC,8BAA8B,EAAE;QACjC,aAAM,CAAC,eAAS,CAAC,CAAC,eAAe,CAAC,QAAQ,CAAC,CAAC,UAAU,CAAC,eAAM,CAAC,CAAC;QAC/D,aAAM,CAAC,eAAS,CAAC,CAAC,eAAe,CAAC,OAAO,CAAC,CAAC,UAAU,CAAC,aAAK,CAAC,CAAC;IAC/D,CAAC,CAAC,CAAC;AACL,CAAC,CAAC,CAAC","sourcesContent":["/* eslint no-undef: [0, { typeof: true }] */\nimport { expect } from 'chai';\nimport { Router } from '../router';\nimport { Store } from '../store';\nimport PixelRoot from './pixel';\n\ndescribe('Pixel root', () => {\n  it('should have store and router', () => {\n    expect(PixelRoot).haveOwnProperty('router').instanceOf(Router);\n    expect(PixelRoot).haveOwnProperty('store').instanceOf(Store);\n  });\n});\n"]},"_coverageSchema":"1a1c01bbd47fc00a2c39e90264f33305004495a9","hash":"73368322357be2b7328b4103a511247984baa034","contentHash":"cdfa46198d66fe9e92d48a2d443499e7f30a5a60a4d593b3648c8bbb023b9b0c"},"/mnt/C012BA0A12BA0586/Study/Programming/JavaScript/YPractice/pixel_chat/src/utils/pixel/router/index.ts":{"path":"/mnt/C012BA0A12BA0586/Study/Programming/JavaScript/YPractice/pixel_chat/src/utils/pixel/router/index.ts","statementMap":{"0":{"start":{"line":2,"column":0},"end":{"line":2,"column":62}},"1":{"start":{"line":3,"column":0},"end":{"line":3,"column":95}},"2":{"start":{"line":4,"column":15},"end":{"line":4,"column":34}},"3":{"start":{"line":5,"column":0},"end":{"line":5,"column":34}},"4":{"start":{"line":6,"column":20},"end":{"line":6,"column":44}},"5":{"start":{"line":7,"column":0},"end":{"line":7,"column":128}},"6":{"start":{"line":7,"column":87},"end":{"line":7,"column":122}},"7":{"start":{"line":8,"column":0},"end":{"line":8,"column":126}},"8":{"start":{"line":8,"column":86},"end":{"line":8,"column":120}},"9":{"start":{"line":9,"column":0},"end":{"line":9,"column":128}},"10":{"start":{"line":9,"column":87},"end":{"line":9,"column":122}}},"fnMap":{"0":{"name":"(anonymous_0)","decl":{"start":{"line":7,"column":73},"end":{"line":7,"column":74}},"loc":{"start":{"line":7,"column":85},"end":{"line":7,"column":124}},"line":7},"1":{"name":"(anonymous_1)","decl":{"start":{"line":8,"column":72},"end":{"line":8,"column":73}},"loc":{"start":{"line":8,"column":84},"end":{"line":8,"column":122}},"line":8},"2":{"name":"(anonymous_2)","decl":{"start":{"line":9,"column":73},"end":{"line":9,"column":74}},"loc":{"start":{"line":9,"column":85},"end":{"line":9,"column":124}},"line":9}},"branchMap":{},"s":{"0":1,"1":1,"2":1,"3":1,"4":1,"5":1,"6":0,"7":1,"8":0,"9":1,"10":0},"f":{"0":0,"1":0,"2":0},"b":{},"inputSourceMap":{"version":3,"file":"/mnt/C012BA0A12BA0586/Study/Programming/JavaScript/YPractice/pixel_chat/src/utils/pixel/router/index.ts","sources":["/mnt/C012BA0A12BA0586/Study/Programming/JavaScript/YPractice/pixel_chat/src/utils/pixel/router/index.ts"],"names":[],"mappings":";;;AAAA,mCAA8B;AAErB,iBAFF,gBAAM,CAEE;AACf,6CAA2E;AAAlE,4GAAA,aAAa,OAAA;AAAE,2GAAA,YAAY,OAAA;AAAE,4GAAA,aAAa,OAAA","sourcesContent":["import Router from './router';\n\nexport { Router };\nexport { IRoutesConfig, IRouterState, IDefaultRoute } from './router.type';\n"]},"_coverageSchema":"1a1c01bbd47fc00a2c39e90264f33305004495a9","hash":"912473edf1508dfa9a3fdf9c43bff5601e05389e","contentHash":"a6a9e918e49502f3ae06ba8f467793e4674acede222da74876a5232cb39c512d"},"/mnt/C012BA0A12BA0586/Study/Programming/JavaScript/YPractice/pixel_chat/src/utils/pixel/router/router.ts":{"path":"/mnt/C012BA0A12BA0586/Study/Programming/JavaScript/YPractice/pixel_chat/src/utils/pixel/router/router.ts","statementMap":{"0":{"start":{"line":2,"column":15},"end":{"line":12,"column":1}},"1":{"start":{"line":3,"column":4},"end":{"line":10,"column":6}},"2":{"start":{"line":4,"column":8},"end":{"line":8,"column":9}},"3":{"start":{"line":4,"column":24},"end":{"line":4,"column":25}},"4":{"start":{"line":4,"column":31},"end":{"line":4,"column":47}},"5":{"start":{"line":5,"column":12},"end":{"line":5,"column":29}},"6":{"start":{"line":6,"column":12},"end":{"line":7,"column":28}},"7":{"start":{"line":6,"column":29},"end":{"line":7,"column":28}},"8":{"start":{"line":7,"column":16},"end":{"line":7,"column":28}},"9":{"start":{"line":9,"column":8},"end":{"line":9,"column":17}},"10":{"start":{"line":11,"column":4},"end":{"line":11,"column":43}},"11":{"start":{"line":13,"column":16},"end":{"line":21,"column":1}},"12":{"start":{"line":14,"column":28},"end":{"line":14,"column":110}},"13":{"start":{"line":14,"column":91},"end":{"line":14,"column":106}},"14":{"start":{"line":15,"column":4},"end":{"line":20,"column":7}},"15":{"start":{"line":16,"column":36},"end":{"line":16,"column":97}},"16":{"start":{"line":16,"column":42},"end":{"line":16,"column":70}},"17":{"start":{"line":16,"column":85},"end":{"line":16,"column":95}},"18":{"start":{"line":17,"column":35},"end":{"line":17,"column":100}},"19":{"start":{"line":17,"column":41},"end":{"line":17,"column":73}},"20":{"start":{"line":17,"column":88},"end":{"line":17,"column":98}},"21":{"start":{"line":18,"column":32},"end":{"line":18,"column":116}},"22":{"start":{"line":19,"column":8},"end":{"line":19,"column":78}},"23":{"start":{"line":22,"column":18},"end":{"line":48,"column":1}},"24":{"start":{"line":23,"column":12},"end":{"line":23,"column":104}},"25":{"start":{"line":23,"column":43},"end":{"line":23,"column":68}},"26":{"start":{"line":23,"column":57},"end":{"line":23,"column":68}},"27":{"start":{"line":23,"column":69},"end":{"line":23,"column":81}},"28":{"start":{"line":24,"column":4},"end":{"line":24,"column":157}},"29":{"start":{"line":24,"column":138},"end":{"line":24,"column":150}},"30":{"start":{"line":25,"column":23},"end":{"line":25,"column":68}},"31":{"start":{"line":25,"column":45},"end":{"line":25,"column":65}},"32":{"start":{"line":27,"column":8},"end":{"line":27,"column":70}},"33":{"start":{"line":27,"column":15},"end":{"line":27,"column":70}},"34":{"start":{"line":28,"column":8},"end":{"line":45,"column":66}},"35":{"start":{"line":28,"column":18},"end":{"line":45,"column":66}},"36":{"start":{"line":29,"column":12},"end":{"line":29,"column":169}},"37":{"start":{"line":29,"column":160},"end":{"line":29,"column":169}},"38":{"start":{"line":30,"column":12},"end":{"line":30,"column":52}},"39":{"start":{"line":30,"column":26},"end":{"line":30,"column":52}},"40":{"start":{"line":31,"column":12},"end":{"line":43,"column":13}},"41":{"start":{"line":32,"column":32},"end":{"line":32,"column":39}},"42":{"start":{"line":32,"column":40},"end":{"line":32,"column":46}},"43":{"start":{"line":33,"column":24},"end":{"line":33,"column":34}},"44":{"start":{"line":33,"column":35},"end":{"line":33,"column":72}},"45":{"start":{"line":34,"column":24},"end":{"line":34,"column":34}},"46":{"start":{"line":34,"column":35},"end":{"line":34,"column":45}},"47":{"start":{"line":34,"column":46},"end":{"line":34,"column":55}},"48":{"start":{"line":34,"column":56},"end":{"line":34,"column":65}},"49":{"start":{"line":35,"column":24},"end":{"line":35,"column":41}},"50":{"start":{"line":35,"column":42},"end":{"line":35,"column":55}},"51":{"start":{"line":35,"column":56},"end":{"line":35,"column":65}},"52":{"start":{"line":37,"column":20},"end":{"line":37,"column":128}},"53":{"start":{"line":37,"column":110},"end":{"line":37,"column":116}},"54":{"start":{"line":37,"column":117},"end":{"line":37,"column":126}},"55":{"start":{"line":38,"column":20},"end":{"line":38,"column":106}},"56":{"start":{"line":38,"column":81},"end":{"line":38,"column":97}},"57":{"start":{"line":38,"column":98},"end":{"line":38,"column":104}},"58":{"start":{"line":39,"column":20},"end":{"line":39,"column":89}},"59":{"start":{"line":39,"column":57},"end":{"line":39,"column":72}},"60":{"start":{"line":39,"column":73},"end":{"line":39,"column":80}},"61":{"start":{"line":39,"column":81},"end":{"line":39,"column":87}},"62":{"start":{"line":40,"column":20},"end":{"line":40,"column":87}},"63":{"start":{"line":40,"column":47},"end":{"line":40,"column":62}},"64":{"start":{"line":40,"column":63},"end":{"line":40,"column":78}},"65":{"start":{"line":40,"column":79},"end":{"line":40,"column":85}},"66":{"start":{"line":41,"column":20},"end":{"line":41,"column":42}},"67":{"start":{"line":41,"column":30},"end":{"line":41,"column":42}},"68":{"start":{"line":42,"column":20},"end":{"line":42,"column":33}},"69":{"start":{"line":42,"column":34},"end":{"line":42,"column":43}},"70":{"start":{"line":44,"column":12},"end":{"line":44,"column":39}},"71":{"start":{"line":45,"column":22},"end":{"line":45,"column":34}},"72":{"start":{"line":45,"column":35},"end":{"line":45,"column":41}},"73":{"start":{"line":45,"column":54},"end":{"line":45,"column":64}},"74":{"start":{"line":46,"column":8},"end":{"line":46,"column":35}},"75":{"start":{"line":46,"column":23},"end":{"line":46,"column":35}},"76":{"start":{"line":46,"column":36},"end":{"line":46,"column":89}},"77":{"start":{"line":49,"column":0},"end":{"line":49,"column":62}},"78":{"start":{"line":50,"column":14},"end":{"line":188,"column":3}},"79":{"start":{"line":52,"column":20},"end":{"line":52,"column":24}},"80":{"start":{"line":53,"column":8},"end":{"line":53,"column":29}},"81":{"start":{"line":54,"column":8},"end":{"line":54,"column":28}},"82":{"start":{"line":55,"column":8},"end":{"line":61,"column":10}},"83":{"start":{"line":56,"column":12},"end":{"line":59,"column":14}},"84":{"start":{"line":57,"column":29},"end":{"line":57,"column":48}},"85":{"start":{"line":58,"column":16},"end":{"line":58,"column":41}},"86":{"start":{"line":60,"column":12},"end":{"line":60,"column":37}},"87":{"start":{"line":62,"column":8},"end":{"line":79,"column":10}},"88":{"start":{"line":63,"column":12},"end":{"line":63,"column":55}},"89":{"start":{"line":63,"column":37},"end":{"line":63,"column":53}},"90":{"start":{"line":64,"column":31},"end":{"line":64,"column":64}},"91":{"start":{"line":65,"column":12},"end":{"line":70,"column":13}},"92":{"start":{"line":66,"column":16},"end":{"line":66,"column":55}},"93":{"start":{"line":68,"column":17},"end":{"line":70,"column":13}},"94":{"start":{"line":69,"column":16},"end":{"line":69,"column":39}},"95":{"start":{"line":71,"column":12},"end":{"line":78,"column":13}},"96":{"start":{"line":72,"column":16},"end":{"line":77,"column":17}},"97":{"start":{"line":73,"column":20},"end":{"line":73,"column":56}},"98":{"start":{"line":76,"column":20},"end":{"line":76,"column":91}},"99":{"start":{"line":80,"column":8},"end":{"line":83,"column":10}},"100":{"start":{"line":81,"column":12},"end":{"line":81,"column":46}},"101":{"start":{"line":82,"column":12},"end":{"line":82,"column":70}},"102":{"start":{"line":84,"column":8},"end":{"line":86,"column":9}},"103":{"start":{"line":85,"column":12},"end":{"line":85,"column":36}},"104":{"start":{"line":87,"column":8},"end":{"line":87,"column":47}},"105":{"start":{"line":88,"column":8},"end":{"line":88,"column":38}},"106":{"start":{"line":89,"column":8},"end":{"line":89,"column":32}},"107":{"start":{"line":91,"column":4},"end":{"line":95,"column":6}},"108":{"start":{"line":92,"column":8},"end":{"line":94,"column":9}},"109":{"start":{"line":93,"column":12},"end":{"line":93,"column":49}},"110":{"start":{"line":96,"column":4},"end":{"line":104,"column":6}},"111":{"start":{"line":97,"column":8},"end":{"line":102,"column":9}},"112":{"start":{"line":98,"column":12},"end":{"line":98,"column":32}},"113":{"start":{"line":101,"column":12},"end":{"line":101,"column":31}},"114":{"start":{"line":103,"column":8},"end":{"line":103,"column":38}},"115":{"start":{"line":105,"column":4},"end":{"line":159,"column":6}},"116":{"start":{"line":106,"column":8},"end":{"line":158,"column":11}},"117":{"start":{"line":109,"column":24},"end":{"line":109,"column":28}},"118":{"start":{"line":110,"column":12},"end":{"line":157,"column":15}},"119":{"start":{"line":111,"column":16},"end":{"line":156,"column":17}},"120":{"start":{"line":113,"column":24},"end":{"line":113,"column":121}},"121":{"start":{"line":114,"column":24},"end":{"line":114,"column":37}},"122":{"start":{"line":116,"column":24},"end":{"line":116,"column":50}},"123":{"start":{"line":117,"column":24},"end":{"line":119,"column":25}},"124":{"start":{"line":118,"column":28},"end":{"line":118,"column":67}},"125":{"start":{"line":120,"column":24},"end":{"line":122,"column":25}},"126":{"start":{"line":121,"column":28},"end":{"line":121,"column":69}},"127":{"start":{"line":123,"column":24},"end":{"line":125,"column":25}},"128":{"start":{"line":124,"column":28},"end":{"line":124,"column":70}},"129":{"start":{"line":126,"column":24},"end":{"line":128,"column":25}},"130":{"start":{"line":127,"column":28},"end":{"line":127,"column":65}},"131":{"start":{"line":129,"column":24},"end":{"line":133,"column":27}},"132":{"start":{"line":130,"column":28},"end":{"line":132,"column":29}},"133":{"start":{"line":131,"column":32},"end":{"line":131,"column":70}},"134":{"start":{"line":134,"column":24},"end":{"line":134,"column":57}},"135":{"start":{"line":135,"column":24},"end":{"line":135,"column":122}},"136":{"start":{"line":136,"column":24},"end":{"line":136,"column":49}},"137":{"start":{"line":136,"column":35},"end":{"line":136,"column":49}},"138":{"start":{"line":137,"column":24},"end":{"line":137,"column":143}},"139":{"start":{"line":138,"column":24},"end":{"line":138,"column":49}},"140":{"start":{"line":139,"column":24},"end":{"line":139,"column":57}},"141":{"start":{"line":140,"column":24},"end":{"line":140,"column":63}},"142":{"start":{"line":141,"column":24},"end":{"line":141,"column":44}},"143":{"start":{"line":143,"column":24},"end":{"line":143,"column":34}},"144":{"start":{"line":144,"column":24},"end":{"line":144,"column":38}},"145":{"start":{"line":146,"column":24},"end":{"line":146,"column":46}},"146":{"start":{"line":147,"column":24},"end":{"line":147,"column":37}},"147":{"start":{"line":149,"column":24},"end":{"line":149,"column":37}},"148":{"start":{"line":150,"column":24},"end":{"line":150,"column":38}},"149":{"start":{"line":152,"column":24},"end":{"line":152,"column":44}},"150":{"start":{"line":153,"column":24},"end":{"line":153,"column":47}},"151":{"start":{"line":154,"column":24},"end":{"line":154,"column":38}},"152":{"start":{"line":155,"column":28},"end":{"line":155,"column":39}},"153":{"start":{"line":160,"column":4},"end":{"line":163,"column":6}},"154":{"start":{"line":161,"column":8},"end":{"line":161,"column":65}},"155":{"start":{"line":162,"column":8},"end":{"line":162,"column":32}},"156":{"start":{"line":164,"column":4},"end":{"line":175,"column":6}},"157":{"start":{"line":165,"column":34},"end":{"line":165,"column":112}},"158":{"start":{"line":165,"column":79},"end":{"line":165,"column":109}},"159":{"start":{"line":166,"column":8},"end":{"line":174,"column":9}},"160":{"start":{"line":167,"column":12},"end":{"line":167,"column":35}},"161":{"start":{"line":169,"column":13},"end":{"line":174,"column":9}},"162":{"start":{"line":170,"column":12},"end":{"line":170,"column":39}},"163":{"start":{"line":173,"column":12},"end":{"line":173,"column":81}},"164":{"start":{"line":176,"column":4},"end":{"line":182,"column":6}},"165":{"start":{"line":183,"column":4},"end":{"line":186,"column":6}},"166":{"start":{"line":187,"column":4},"end":{"line":187,"column":18}},"167":{"start":{"line":189,"column":0},"end":{"line":189,"column":25}}},"fnMap":{"0":{"name":"(anonymous_0)","decl":{"start":{"line":2,"column":42},"end":{"line":2,"column":43}},"loc":{"start":{"line":2,"column":54},"end":{"line":12,"column":1}},"line":2},"1":{"name":"(anonymous_1)","decl":{"start":{"line":3,"column":32},"end":{"line":3,"column":33}},"loc":{"start":{"line":3,"column":44},"end":{"line":10,"column":5}},"line":3},"2":{"name":"(anonymous_2)","decl":{"start":{"line":13,"column":44},"end":{"line":13,"column":45}},"loc":{"start":{"line":13,"column":89},"end":{"line":21,"column":1}},"line":13},"3":{"name":"adopt","decl":{"start":{"line":14,"column":13},"end":{"line":14,"column":18}},"loc":{"start":{"line":14,"column":26},"end":{"line":14,"column":112}},"line":14},"4":{"name":"(anonymous_4)","decl":{"start":{"line":14,"column":70},"end":{"line":14,"column":71}},"loc":{"start":{"line":14,"column":89},"end":{"line":14,"column":108}},"line":14},"5":{"name":"(anonymous_5)","decl":{"start":{"line":15,"column":36},"end":{"line":15,"column":37}},"loc":{"start":{"line":15,"column":63},"end":{"line":20,"column":5}},"line":15},"6":{"name":"fulfilled","decl":{"start":{"line":16,"column":17},"end":{"line":16,"column":26}},"loc":{"start":{"line":16,"column":34},"end":{"line":16,"column":99}},"line":16},"7":{"name":"rejected","decl":{"start":{"line":17,"column":17},"end":{"line":17,"column":25}},"loc":{"start":{"line":17,"column":33},"end":{"line":17,"column":102}},"line":17},"8":{"name":"step","decl":{"start":{"line":18,"column":17},"end":{"line":18,"column":21}},"loc":{"start":{"line":18,"column":30},"end":{"line":18,"column":118}},"line":18},"9":{"name":"(anonymous_9)","decl":{"start":{"line":22,"column":48},"end":{"line":22,"column":49}},"loc":{"start":{"line":22,"column":73},"end":{"line":48,"column":1}},"line":22},"10":{"name":"(anonymous_10)","decl":{"start":{"line":23,"column":30},"end":{"line":23,"column":31}},"loc":{"start":{"line":23,"column":41},"end":{"line":23,"column":83}},"line":23},"11":{"name":"(anonymous_11)","decl":{"start":{"line":24,"column":125},"end":{"line":24,"column":126}},"loc":{"start":{"line":24,"column":136},"end":{"line":24,"column":152}},"line":24},"12":{"name":"verb","decl":{"start":{"line":25,"column":13},"end":{"line":25,"column":17}},"loc":{"start":{"line":25,"column":21},"end":{"line":25,"column":70}},"line":25},"13":{"name":"(anonymous_13)","decl":{"start":{"line":25,"column":30},"end":{"line":25,"column":31}},"loc":{"start":{"line":25,"column":43},"end":{"line":25,"column":67}},"line":25},"14":{"name":"step","decl":{"start":{"line":26,"column":13},"end":{"line":26,"column":17}},"loc":{"start":{"line":26,"column":22},"end":{"line":47,"column":5}},"line":26},"15":{"name":"(anonymous_15)","decl":{"start":{"line":50,"column":14},"end":{"line":50,"column":15}},"loc":{"start":{"line":50,"column":26},"end":{"line":188,"column":1}},"line":50},"16":{"name":"Router","decl":{"start":{"line":51,"column":13},"end":{"line":51,"column":19}},"loc":{"start":{"line":51,"column":36},"end":{"line":90,"column":5}},"line":51},"17":{"name":"(anonymous_17)","decl":{"start":{"line":55,"column":21},"end":{"line":55,"column":22}},"loc":{"start":{"line":55,"column":33},"end":{"line":61,"column":9}},"line":55},"18":{"name":"(anonymous_18)","decl":{"start":{"line":56,"column":32},"end":{"line":56,"column":33}},"loc":{"start":{"line":56,"column":49},"end":{"line":59,"column":13}},"line":56},"19":{"name":"(anonymous_19)","decl":{"start":{"line":62,"column":26},"end":{"line":62,"column":27}},"loc":{"start":{"line":62,"column":56},"end":{"line":79,"column":9}},"line":62},"20":{"name":"(anonymous_20)","decl":{"start":{"line":80,"column":28},"end":{"line":80,"column":29}},"loc":{"start":{"line":80,"column":67},"end":{"line":83,"column":9}},"line":80},"21":{"name":"(anonymous_21)","decl":{"start":{"line":91,"column":41},"end":{"line":91,"column":42}},"loc":{"start":{"line":91,"column":67},"end":{"line":95,"column":5}},"line":91},"22":{"name":"(anonymous_22)","decl":{"start":{"line":96,"column":40},"end":{"line":96,"column":41}},"loc":{"start":{"line":96,"column":58},"end":{"line":104,"column":5}},"line":96},"23":{"name":"(anonymous_23)","decl":{"start":{"line":105,"column":33},"end":{"line":105,"column":34}},"loc":{"start":{"line":105,"column":57},"end":{"line":159,"column":5}},"line":105},"24":{"name":"(anonymous_24)","decl":{"start":{"line":106,"column":47},"end":{"line":106,"column":48}},"loc":{"start":{"line":106,"column":59},"end":{"line":158,"column":9}},"line":106},"25":{"name":"(anonymous_25)","decl":{"start":{"line":110,"column":37},"end":{"line":110,"column":38}},"loc":{"start":{"line":110,"column":51},"end":{"line":157,"column":13}},"line":110},"26":{"name":"(anonymous_26)","decl":{"start":{"line":129,"column":52},"end":{"line":129,"column":53}},"loc":{"start":{"line":129,"column":67},"end":{"line":133,"column":25}},"line":129},"27":{"name":"(anonymous_27)","decl":{"start":{"line":160,"column":26},"end":{"line":160,"column":27}},"loc":{"start":{"line":160,"column":46},"end":{"line":163,"column":5}},"line":160},"28":{"name":"(anonymous_28)","decl":{"start":{"line":164,"column":39},"end":{"line":164,"column":40}},"loc":{"start":{"line":164,"column":63},"end":{"line":175,"column":5}},"line":164},"29":{"name":"(anonymous_29)","decl":{"start":{"line":165,"column":60},"end":{"line":165,"column":61}},"loc":{"start":{"line":165,"column":77},"end":{"line":165,"column":111}},"line":165}},"branchMap":{"0":{"loc":{"start":{"line":2,"column":15},"end":{"line":12,"column":1}},"type":"binary-expr","locations":[{"start":{"line":2,"column":16},"end":{"line":2,"column":20}},{"start":{"line":2,"column":24},"end":{"line":2,"column":37}},{"start":{"line":2,"column":42},"end":{"line":12,"column":1}}],"line":2},"1":{"loc":{"start":{"line":3,"column":15},"end":{"line":10,"column":5}},"type":"binary-expr","locations":[{"start":{"line":3,"column":15},"end":{"line":3,"column":28}},{"start":{"line":3,"column":32},"end":{"line":10,"column":5}}],"line":3},"2":{"loc":{"start":{"line":6,"column":29},"end":{"line":7,"column":28}},"type":"if","locations":[{"start":{"line":6,"column":29},"end":{"line":7,"column":28}},{"start":{"line":6,"column":29},"end":{"line":7,"column":28}}],"line":6},"3":{"loc":{"start":{"line":13,"column":16},"end":{"line":21,"column":1}},"type":"binary-expr","locations":[{"start":{"line":13,"column":17},"end":{"line":13,"column":21}},{"start":{"line":13,"column":25},"end":{"line":13,"column":39}},{"start":{"line":13,"column":44},"end":{"line":21,"column":1}}],"line":13},"4":{"loc":{"start":{"line":14,"column":35},"end":{"line":14,"column":109}},"type":"cond-expr","locations":[{"start":{"line":14,"column":56},"end":{"line":14,"column":61}},{"start":{"line":14,"column":64},"end":{"line":14,"column":109}}],"line":14},"5":{"loc":{"start":{"line":15,"column":16},"end":{"line":15,"column":34}},"type":"binary-expr","locations":[{"start":{"line":15,"column":16},"end":{"line":15,"column":17}},{"start":{"line":15,"column":22},"end":{"line":15,"column":33}}],"line":15},"6":{"loc":{"start":{"line":18,"column":32},"end":{"line":18,"column":115}},"type":"cond-expr","locations":[{"start":{"line":18,"column":46},"end":{"line":18,"column":67}},{"start":{"line":18,"column":70},"end":{"line":18,"column":115}}],"line":18},"7":{"loc":{"start":{"line":19,"column":51},"end":{"line":19,"column":67}},"type":"binary-expr","locations":[{"start":{"line":19,"column":51},"end":{"line":19,"column":61}},{"start":{"line":19,"column":65},"end":{"line":19,"column":67}}],"line":19},"8":{"loc":{"start":{"line":22,"column":18},"end":{"line":48,"column":1}},"type":"binary-expr","locations":[{"start":{"line":22,"column":19},"end":{"line":22,"column":23}},{"start":{"line":22,"column":27},"end":{"line":22,"column":43}},{"start":{"line":22,"column":48},"end":{"line":48,"column":1}}],"line":22},"9":{"loc":{"start":{"line":23,"column":43},"end":{"line":23,"column":68}},"type":"if","locations":[{"start":{"line":23,"column":43},"end":{"line":23,"column":68}},{"start":{"line":23,"column":43},"end":{"line":23,"column":68}}],"line":23},"10":{"loc":{"start":{"line":24,"column":71},"end":{"line":24,"column":153}},"type":"binary-expr","locations":[{"start":{"line":24,"column":71},"end":{"line":24,"column":99}},{"start":{"line":24,"column":104},"end":{"line":24,"column":152}}],"line":24},"11":{"loc":{"start":{"line":27,"column":8},"end":{"line":27,"column":70}},"type":"if","locations":[{"start":{"line":27,"column":8},"end":{"line":27,"column":70}},{"start":{"line":27,"column":8},"end":{"line":27,"column":70}}],"line":27},"12":{"loc":{"start":{"line":29,"column":12},"end":{"line":29,"column":169}},"type":"if","locations":[{"start":{"line":29,"column":12},"end":{"line":29,"column":169}},{"start":{"line":29,"column":12},"end":{"line":29,"column":169}}],"line":29},"13":{"loc":{"start":{"line":29,"column":23},"end":{"line":29,"column":158}},"type":"binary-expr","locations":[{"start":{"line":29,"column":23},"end":{"line":29,"column":24}},{"start":{"line":29,"column":29},"end":{"line":29,"column":125}},{"start":{"line":29,"column":130},"end":{"line":29,"column":158}}],"line":29},"14":{"loc":{"start":{"line":29,"column":33},"end":{"line":29,"column":125}},"type":"cond-expr","locations":[{"start":{"line":29,"column":45},"end":{"line":29,"column":56}},{"start":{"line":29,"column":59},"end":{"line":29,"column":125}}],"line":29},"15":{"loc":{"start":{"line":29,"column":59},"end":{"line":29,"column":125}},"type":"cond-expr","locations":[{"start":{"line":29,"column":67},"end":{"line":29,"column":116}},{"start":{"line":29,"column":119},"end":{"line":29,"column":125}}],"line":29},"16":{"loc":{"start":{"line":29,"column":67},"end":{"line":29,"column":116}},"type":"binary-expr","locations":[{"start":{"line":29,"column":67},"end":{"line":29,"column":77}},{"start":{"line":29,"column":82},"end":{"line":29,"column":115}}],"line":29},"17":{"loc":{"start":{"line":29,"column":82},"end":{"line":29,"column":112}},"type":"binary-expr","locations":[{"start":{"line":29,"column":83},"end":{"line":29,"column":98}},{"start":{"line":29,"column":103},"end":{"line":29,"column":112}}],"line":29},"18":{"loc":{"start":{"line":30,"column":12},"end":{"line":30,"column":52}},"type":"if","locations":[{"start":{"line":30,"column":12},"end":{"line":30,"column":52}},{"start":{"line":30,"column":12},"end":{"line":30,"column":52}}],"line":30},"19":{"loc":{"start":{"line":31,"column":12},"end":{"line":43,"column":13}},"type":"switch","locations":[{"start":{"line":32,"column":16},"end":{"line":32,"column":23}},{"start":{"line":32,"column":24},"end":{"line":32,"column":46}},{"start":{"line":33,"column":16},"end":{"line":33,"column":72}},{"start":{"line":34,"column":16},"end":{"line":34,"column":65}},{"start":{"line":35,"column":16},"end":{"line":35,"column":65}},{"start":{"line":36,"column":16},"end":{"line":42,"column":43}}],"line":31},"20":{"loc":{"start":{"line":37,"column":20},"end":{"line":37,"column":128}},"type":"if","locations":[{"start":{"line":37,"column":20},"end":{"line":37,"column":128}},{"start":{"line":37,"column":20},"end":{"line":37,"column":128}}],"line":37},"21":{"loc":{"start":{"line":37,"column":24},"end":{"line":37,"column":106}},"type":"binary-expr","locations":[{"start":{"line":37,"column":24},"end":{"line":37,"column":74}},{"start":{"line":37,"column":79},"end":{"line":37,"column":90}},{"start":{"line":37,"column":94},"end":{"line":37,"column":105}}],"line":37},"22":{"loc":{"start":{"line":37,"column":42},"end":{"line":37,"column":73}},"type":"binary-expr","locations":[{"start":{"line":37,"column":42},"end":{"line":37,"column":54}},{"start":{"line":37,"column":58},"end":{"line":37,"column":73}}],"line":37},"23":{"loc":{"start":{"line":38,"column":20},"end":{"line":38,"column":106}},"type":"if","locations":[{"start":{"line":38,"column":20},"end":{"line":38,"column":106}},{"start":{"line":38,"column":20},"end":{"line":38,"column":106}}],"line":38},"24":{"loc":{"start":{"line":38,"column":24},"end":{"line":38,"column":77}},"type":"binary-expr","locations":[{"start":{"line":38,"column":24},"end":{"line":38,"column":35}},{"start":{"line":38,"column":40},"end":{"line":38,"column":42}},{"start":{"line":38,"column":47},"end":{"line":38,"column":59}},{"start":{"line":38,"column":63},"end":{"line":38,"column":75}}],"line":38},"25":{"loc":{"start":{"line":39,"column":20},"end":{"line":39,"column":89}},"type":"if","locations":[{"start":{"line":39,"column":20},"end":{"line":39,"column":89}},{"start":{"line":39,"column":20},"end":{"line":39,"column":89}}],"line":39},"26":{"loc":{"start":{"line":39,"column":24},"end":{"line":39,"column":53}},"type":"binary-expr","locations":[{"start":{"line":39,"column":24},"end":{"line":39,"column":35}},{"start":{"line":39,"column":39},"end":{"line":39,"column":53}}],"line":39},"27":{"loc":{"start":{"line":40,"column":20},"end":{"line":40,"column":87}},"type":"if","locations":[{"start":{"line":40,"column":20},"end":{"line":40,"column":87}},{"start":{"line":40,"column":20},"end":{"line":40,"column":87}}],"line":40},"28":{"loc":{"start":{"line":40,"column":24},"end":{"line":40,"column":43}},"type":"binary-expr","locations":[{"start":{"line":40,"column":24},"end":{"line":40,"column":25}},{"start":{"line":40,"column":29},"end":{"line":40,"column":43}}],"line":40},"29":{"loc":{"start":{"line":41,"column":20},"end":{"line":41,"column":42}},"type":"if","locations":[{"start":{"line":41,"column":20},"end":{"line":41,"column":42}},{"start":{"line":41,"column":20},"end":{"line":41,"column":42}}],"line":41},"30":{"loc":{"start":{"line":46,"column":8},"end":{"line":46,"column":35}},"type":"if","locations":[{"start":{"line":46,"column":8},"end":{"line":46,"column":35}},{"start":{"line":46,"column":8},"end":{"line":46,"column":35}}],"line":46},"31":{"loc":{"start":{"line":46,"column":52},"end":{"line":46,"column":74}},"type":"cond-expr","locations":[{"start":{"line":46,"column":60},"end":{"line":46,"column":65}},{"start":{"line":46,"column":68},"end":{"line":46,"column":74}}],"line":46},"32":{"loc":{"start":{"line":63,"column":12},"end":{"line":63,"column":55}},"type":"if","locations":[{"start":{"line":63,"column":12},"end":{"line":63,"column":55}},{"start":{"line":63,"column":12},"end":{"line":63,"column":55}}],"line":63},"33":{"loc":{"start":{"line":65,"column":12},"end":{"line":70,"column":13}},"type":"if","locations":[{"start":{"line":65,"column":12},"end":{"line":70,"column":13}},{"start":{"line":65,"column":12},"end":{"line":70,"column":13}}],"line":65},"34":{"loc":{"start":{"line":68,"column":17},"end":{"line":70,"column":13}},"type":"if","locations":[{"start":{"line":68,"column":17},"end":{"line":70,"column":13}},{"start":{"line":68,"column":17},"end":{"line":70,"column":13}}],"line":68},"35":{"loc":{"start":{"line":71,"column":12},"end":{"line":78,"column":13}},"type":"if","locations":[{"start":{"line":71,"column":12},"end":{"line":78,"column":13}},{"start":{"line":71,"column":12},"end":{"line":78,"column":13}}],"line":71},"36":{"loc":{"start":{"line":71,"column":16},"end":{"line":71,"column":65}},"type":"binary-expr","locations":[{"start":{"line":71,"column":16},"end":{"line":71,"column":51}},{"start":{"line":71,"column":55},"end":{"line":71,"column":65}}],"line":71},"37":{"loc":{"start":{"line":72,"column":16},"end":{"line":77,"column":17}},"type":"if","locations":[{"start":{"line":72,"column":16},"end":{"line":77,"column":17}},{"start":{"line":72,"column":16},"end":{"line":77,"column":17}}],"line":72},"38":{"loc":{"start":{"line":84,"column":8},"end":{"line":86,"column":9}},"type":"if","locations":[{"start":{"line":84,"column":8},"end":{"line":86,"column":9}},{"start":{"line":84,"column":8},"end":{"line":86,"column":9}}],"line":84},"39":{"loc":{"start":{"line":92,"column":8},"end":{"line":94,"column":9}},"type":"if","locations":[{"start":{"line":92,"column":8},"end":{"line":94,"column":9}},{"start":{"line":92,"column":8},"end":{"line":94,"column":9}}],"line":92},"40":{"loc":{"start":{"line":97,"column":8},"end":{"line":102,"column":9}},"type":"if","locations":[{"start":{"line":97,"column":8},"end":{"line":102,"column":9}},{"start":{"line":97,"column":8},"end":{"line":102,"column":9}}],"line":97},"41":{"loc":{"start":{"line":111,"column":16},"end":{"line":156,"column":17}},"type":"switch","locations":[{"start":{"line":112,"column":20},"end":{"line":114,"column":37}},{"start":{"line":115,"column":20},"end":{"line":141,"column":44}},{"start":{"line":142,"column":20},"end":{"line":144,"column":38}},{"start":{"line":145,"column":20},"end":{"line":147,"column":37}},{"start":{"line":148,"column":20},"end":{"line":150,"column":38}},{"start":{"line":151,"column":20},"end":{"line":154,"column":38}},{"start":{"line":155,"column":20},"end":{"line":155,"column":39}}],"line":111},"42":{"loc":{"start":{"line":117,"column":24},"end":{"line":119,"column":25}},"type":"if","locations":[{"start":{"line":117,"column":24},"end":{"line":119,"column":25}},{"start":{"line":117,"column":24},"end":{"line":119,"column":25}}],"line":117},"43":{"loc":{"start":{"line":120,"column":24},"end":{"line":122,"column":25}},"type":"if","locations":[{"start":{"line":120,"column":24},"end":{"line":122,"column":25}},{"start":{"line":120,"column":24},"end":{"line":122,"column":25}}],"line":120},"44":{"loc":{"start":{"line":123,"column":24},"end":{"line":125,"column":25}},"type":"if","locations":[{"start":{"line":123,"column":24},"end":{"line":125,"column":25}},{"start":{"line":123,"column":24},"end":{"line":125,"column":25}}],"line":123},"45":{"loc":{"start":{"line":126,"column":24},"end":{"line":128,"column":25}},"type":"if","locations":[{"start":{"line":126,"column":24},"end":{"line":128,"column":25}},{"start":{"line":126,"column":24},"end":{"line":128,"column":25}}],"line":126},"46":{"loc":{"start":{"line":130,"column":28},"end":{"line":132,"column":29}},"type":"if","locations":[{"start":{"line":130,"column":28},"end":{"line":132,"column":29}},{"start":{"line":130,"column":28},"end":{"line":132,"column":29}}],"line":130},"47":{"loc":{"start":{"line":130,"column":32},"end":{"line":130,"column":103}},"type":"binary-expr","locations":[{"start":{"line":130,"column":32},"end":{"line":130,"column":44}},{"start":{"line":130,"column":48},"end":{"line":130,"column":103}}],"line":130},"48":{"loc":{"start":{"line":136,"column":24},"end":{"line":136,"column":49}},"type":"if","locations":[{"start":{"line":136,"column":24},"end":{"line":136,"column":49}},{"start":{"line":136,"column":24},"end":{"line":136,"column":49}}],"line":136},"49":{"loc":{"start":{"line":166,"column":8},"end":{"line":174,"column":9}},"type":"if","locations":[{"start":{"line":166,"column":8},"end":{"line":174,"column":9}},{"start":{"line":166,"column":8},"end":{"line":174,"column":9}}],"line":166},"50":{"loc":{"start":{"line":166,"column":12},"end":{"line":166,"column":48}},"type":"binary-expr","locations":[{"start":{"line":166,"column":12},"end":{"line":166,"column":24}},{"start":{"line":166,"column":28},"end":{"line":166,"column":48}}],"line":166},"51":{"loc":{"start":{"line":169,"column":13},"end":{"line":174,"column":9}},"type":"if","locations":[{"start":{"line":169,"column":13},"end":{"line":174,"column":9}},{"start":{"line":169,"column":13},"end":{"line":174,"column":9}}],"line":169},"52":{"loc":{"start":{"line":169,"column":17},"end":{"line":169,"column":51}},"type":"binary-expr","locations":[{"start":{"line":169,"column":17},"end":{"line":169,"column":28}},{"start":{"line":169,"column":32},"end":{"line":169,"column":51}}],"line":169}},"s":{"0":1,"1":2,"2":0,"3":0,"4":0,"5":0,"6":0,"7":0,"8":0,"9":0,"10":2,"11":1,"12":0,"13":0,"14":1,"15":0,"16":0,"17":0,"18":0,"19":0,"20":0,"21":1,"22":1,"23":1,"24":1,"25":0,"26":0,"27":0,"28":1,"29":0,"30":3,"31":1,"32":1,"33":0,"34":1,"35":5,"36":5,"37":0,"38":5,"39":0,"40":5,"41":1,"42":1,"43":0,"44":0,"45":0,"46":0,"47":0,"48":0,"49":0,"50":0,"51":0,"52":4,"53":1,"54":1,"55":3,"56":2,"57":2,"58":1,"59":0,"60":0,"61":0,"62":1,"63":0,"64":0,"65":0,"66":1,"67":0,"68":1,"69":1,"70":3,"71":0,"72":0,"73":5,"74":1,"75":0,"76":1,"77":1,"78":1,"79":7,"80":7,"81":7,"82":7,"83":1,"84":0,"85":0,"86":1,"87":7,"88":3,"89":0,"90":3,"91":3,"92":3,"93":0,"94":0,"95":3,"96":3,"97":0,"98":3,"99":7,"100":4,"101":4,"102":7,"103":6,"104":1,"105":1,"106":1,"107":1,"108":2,"109":2,"110":1,"111":2,"112":1,"113":1,"114":2,"115":1,"116":1,"117":1,"118":1,"119":3,"120":1,"121":1,"122":1,"123":1,"124":0,"125":1,"126":0,"127":1,"128":0,"129":1,"130":0,"131":1,"132":3,"133":0,"134":1,"135":1,"136":1,"137":1,"138":0,"139":0,"140":0,"141":0,"142":0,"143":0,"144":0,"145":1,"146":1,"147":1,"148":1,"149":0,"150":0,"151":0,"152":1,"153":1,"154":1,"155":0,"156":1,"157":0,"158":0,"159":0,"160":0,"161":0,"162":0,"163":0,"164":1,"165":1,"166":1,"167":1},"f":{"0":2,"1":0,"2":1,"3":0,"4":0,"5":1,"6":0,"7":0,"8":1,"9":1,"10":0,"11":0,"12":3,"13":1,"14":1,"15":1,"16":7,"17":1,"18":0,"19":3,"20":4,"21":2,"22":2,"23":1,"24":1,"25":3,"26":3,"27":1,"28":0,"29":0},"b":{"0":[1,1,1],"1":[2,0],"2":[0,0],"3":[1,1,1],"4":[0,0],"5":[1,1],"6":[1,0],"7":[1,1],"8":[1,1,1],"9":[0,0],"10":[1,1],"11":[0,1],"12":[0,5],"13":[5,0,0],"14":[0,0],"15":[0,0],"16":[0,0],"17":[0,0],"18":[0,5],"19":[1,1,0,0,0,4],"20":[1,3],"21":[4,2,2],"22":[4,2],"23":[2,1],"24":[3,3,2,2],"25":[0,1],"26":[1,0],"27":[0,1],"28":[1,1],"29":[0,1],"30":[0,1],"31":[1,0],"32":[0,3],"33":[3,0],"34":[0,0],"35":[3,0],"36":[3,2],"37":[0,3],"38":[6,1],"39":[2,0],"40":[1,1],"41":[1,1,0,1,1,0,1],"42":[0,1],"43":[0,1],"44":[0,1],"45":[0,1],"46":[0,3],"47":[3,3],"48":[1,0],"49":[0,0],"50":[0,0],"51":[0,0],"52":[0,0]},"inputSourceMap":{"version":3,"file":"/mnt/C012BA0A12BA0586/Study/Programming/JavaScript/YPractice/pixel_chat/src/utils/pixel/router/router.ts","sources":["/mnt/C012BA0A12BA0586/Study/Programming/JavaScript/YPractice/pixel_chat/src/utils/pixel/router/router.ts"],"names":[],"mappings":";;;;;;;;;;;;;;;;;;;;;;;;;;;;;;;;;;;;;;;;;;;;;;;;;AAGA;IAoCE,gBAAY,cAA6B;QAAzC,iBAUC;QApBO,aAAQ,GAAY,IAAI,CAAC;QAEzB,WAAM,GAAY,KAAK,CAAC;QAiFxB,UAAK,GAAG;YACd,MAAM,CAAC,UAAU,GAAG,UAAC,KAAU;gBAC7B,IAAM,MAAM,GAAG,KAAK,CAAC,aAAuB,CAAC;gBAC7C,KAAI,CAAC,UAAU,CAAC,MAAM,CAAC,CAAC;YAC1B,CAAC,CAAC;YAEF,KAAI,CAAC,UAAU,CAAC,MAAM,CAAC,CAAC;QAC1B,CAAC,CAAC;QAOM,eAAU,GAAG,UAAC,MAAuB,EAAE,UAAoB;YAA7C,uBAAA,EAAA,eAAuB;YAC3C,IAAI,YAAY,GAAG,MAAM,CAAC,QAAQ,CAAC,QAAQ,CAAC,KAAK,CAAC,CAAC,CAAC,CAAC;YAErD,IAAI,CAAC,YAAY,EAAE;gBACjB,YAAY,GAAG,KAAI,CAAC,YAAY,CAAC,IAAI,CAAC;aACvC;iBAAM,IAAI,CAAC,KAAI,CAAC,MAAM,CAAC,YAAY,CAAC,EAAE;gBACrC,YAAY,GAAG,OAAO,CAAC;aACxB;YAED,IAAI,KAAI,CAAC,YAAY,KAAK,YAAY,IAAI,UAAU,EAAE;gBACpD,IAAI,KAAI,CAAC,QAAQ,EAAE;oBACjB,KAAI,CAAC,eAAe,CAAC,YAAY,CAAC,CAAC;iBACpC;qBAAM;oBACL,KAAI,CAAC,YAAY,CAAC,KAAI,CAAC,MAAM,CAAC,YAAY,CAAC,CAAC,SAAS,EAAE,YAAY,CAAC,CAAC;iBACtE;aACF;QACH,CAAC,CAAC;QAcK,iBAAY,GAAG,UAAC,aAAqB,EAAE,YAAoB;YAChE,KAAI,CAAC,YAAY,GAAG,YAAY,CAAC;YACjC,KAAI,CAAC,cAAc,CAAC,MAAM,CAAC,MAAI,aAAa,SAAM,CAAC,CAAC;QACtD,CAAC,CAAC;QAvHA,IAAI,MAAM,CAAC,SAAS,EAAE;YACpB,OAAO,MAAM,CAAC,SAAS,CAAC;SACzB;QAED,IAAI,CAAC,iBAAiB,CAAC,cAAc,CAAC,CAAC;QAEvC,IAAI,CAAC,OAAO,GAAG,MAAM,CAAC,OAAO,CAAC;QAE9B,MAAM,CAAC,SAAS,GAAG,IAAI,CAAC;IAC1B,CAAC;IAEM,kCAAiB,GAAxB,UAAyB,cAA6B;QACpD,IAAI,cAAc,EAAE;YAClB,IAAI,CAAC,cAAc,GAAG,cAAc,CAAC;SACtC;IACH,CAAC;IAEM,iCAAgB,GAAvB,UAAwB,MAAe;QACrC,IAAI,CAAC,MAAM,EAAE;YACX,IAAI,CAAC,MAAM,GAAG,KAAK,CAAC;SACrB;aAAM;YACL,IAAI,CAAC,MAAM,GAAG,IAAI,CAAC;SACpB;QAED,IAAI,CAAC,UAAU,CAAC,MAAM,EAAE,IAAI,CAAC,CAAC;IAChC,CAAC;IAEY,0BAAS,GAAtB,UAAuB,YAA2B;;;;;;;;wBACxC,MAAM,GAAyB,YAAY,OAArC,EAAE,YAAY,GAAW,YAAY,aAAvB,EAAE,IAAI,GAAK,YAAY,KAAjB,CAAkB;;;;wBAGlD,IAAI,CAAC,YAAY,EAAE;4BACjB,MAAM,KAAK,CAAC,MAAM,CAAC,MAAM,CAAC,WAAW,CAAC,CAAC;yBACxC;wBAED,IAAI,CAAC,YAAY,CAAC,IAAI,EAAE;4BACtB,MAAM,KAAK,CAAC,MAAM,CAAC,MAAM,CAAC,aAAa,CAAC,CAAC;yBAC1C;wBAED,IAAI,CAAC,IAAI,CAAC,cAAc,CAAC,UAAU,CAAC,YAAY,CAAC,SAAS,CAAC,EAAE;4BAC3D,MAAM,KAAK,CAAC,MAAM,CAAC,MAAM,CAAC,cAAc,CAAC,CAAC;yBAC3C;wBAED,IAAI,CAAC,MAAM,EAAE;4BACX,MAAM,KAAK,CAAC,MAAM,CAAC,MAAM,CAAC,SAAS,CAAC,CAAC;yBACtC;wBAED,MAAM,CAAC,IAAI,CAAC,MAAM,CAAC,CAAC,OAAO,CAAC,UAAC,GAAG;4BAC9B,IAAI,CAAC,MAAM,CAAC,GAAG,CAAC,IAAI,CAAC,KAAI,CAAC,cAAc,CAAC,UAAU,CAAC,MAAM,CAAC,GAAG,CAAC,CAAC,SAAS,CAAC,EAAE;gCAC1E,MAAM,KAAK,CAAC,MAAM,CAAC,MAAM,CAAC,UAAU,CAAC,CAAC;6BACvC;wBACH,CAAC,CAAC,CAAC;wBAEH,IAAI,CAAC,YAAY,GAAG,YAAY,CAAC;wBACjC,IAAI,CAAC,MAAM,yBAAQ,MAAM,gBAAG,YAAY,CAAC,IAAI,IAAG,YAAY,MAAE,CAAC;6BAE3D,IAAI,EAAJ,cAAI;wBACE,QAAQ,GAA2C,IAAI,SAA/C,EAAE,KAAK,GAAoC,IAAI,MAAxC,EAAE,eAAe,GAAmB,IAAI,gBAAvB,EAAE,YAAY,GAAK,IAAI,aAAT,CAAU;wBAChE,IAAI,CAAC,QAAQ,GAAG,QAAQ,CAAC;wBACzB,IAAI,CAAC,YAAY,GAAG,YAAY,CAAC;wBACjC,IAAI,CAAC,eAAe,GAAG,eAAe,CAAC;wBACvC,WAAM,KAAK,EAAE,EAAA;;wBAAb,SAAa,CAAC;;;wBAEd,IAAI,CAAC,QAAQ,GAAG,KAAK,CAAC;;;wBAGxB,IAAI,CAAC,KAAK,EAAE,CAAC;;;;wBAEb,OAAO,CAAC,KAAK,CAAC,OAAK,CAAC,CAAC;;;;;;KAExB;IAWM,mBAAE,GAAT,UAAU,QAAgB;QACxB,IAAI,CAAC,OAAO,CAAC,SAAS,CAAC,EAAE,IAAI,EAAE,QAAQ,EAAE,EAAE,EAAE,EAAE,QAAQ,CAAC,CAAC;QACzD,IAAI,CAAC,UAAU,CAAC,MAAM,CAAC,CAAC;IAC1B,CAAC;IAoBO,gCAAe,GAAvB,UAAwB,YAAoB;QAC1C,IAAM,mBAAmB,GAAG,IAAI,CAAC,eAAe,CAAC,IAAI,CAAC,UAAC,KAAK,IAAK,OAAA,KAAK,KAAK,YAAY,EAAtB,CAAsB,CAAC,CAAC;QAEzF,IAAI,CAAC,IAAI,CAAC,MAAM,IAAI,CAAC,mBAAmB,EAAE;YACxC,IAAI,CAAC,EAAE,CAAC,IAAI,CAAC,QAAQ,CAAC,CAAC;SACxB;aAAM,IAAI,IAAI,CAAC,MAAM,IAAI,mBAAmB,EAAE;YAC7C,IAAI,CAAC,EAAE,CAAC,IAAI,CAAC,YAAY,CAAC,CAAC;SAC5B;aAAM;YACL,IAAI,CAAC,YAAY,CAAC,IAAI,CAAC,MAAM,CAAC,YAAY,CAAC,CAAC,SAAS,EAAE,YAAY,CAAC,CAAC;SACtE;IACH,CAAC;IAtJM,aAAM,GAA2B;QACtC,WAAW,EAAE,iCAAiC;QAC9C,aAAa,EAAE,+BAA+B;QAC9C,cAAc,EAAE,wCAAwC;QACxD,SAAS,EAAE,uCAAuC;QAClD,UAAU,EAAE,yCAAyC;KACtD,CAAC;IAEK,aAAM,GAA2B;QACtC,IAAI,EAAE,MAAM;QACZ,MAAM,EAAE,QAAQ;KACjB,CAAC;IAiJJ,aAAC;CAAA,AA7JD,IA6JC;AAED,kBAAe,MAAM,CAAC","sourcesContent":["import { Pixel } from '..';\nimport { IDefaultRoute, IRoutes, IRoutesConfig } from './router.type';\n\nclass Router {\n  static ERRORS: Record<string, string> = {\n    NO_DEF_CONF: 'Router default config not found',\n    NO_DEF_ROUTES: 'Router default path not found',\n    WRONG_DEF_COMP: 'Router default component has not found',\n    NO_ROUTES: 'Path has not been added to the router',\n    WRONG_COMP: 'Router has not found required component',\n  };\n\n  static EVENTS: Record<string, string> = {\n    INIT: 'init',\n    UPDATE: 'update',\n  };\n\n  static instantce: Router;\n\n  private pixelInstantce: typeof Pixel;\n\n  public defaultRoute: IDefaultRoute;\n\n  public routes: IRoutes;\n\n  public history: History;\n\n  private currentPlace: string;\n\n  private withAuth: boolean = true;\n\n  private isAuth: boolean = false;\n\n  private permittedRoutes: string[];\n\n  private redirect: string;\n\n  private authRedirect: string;\n\n  constructor(pixelInstantce?: typeof Pixel) {\n    if (Router.instantce) {\n      return Router.instantce;\n    }\n\n    this.setPixelInstantce(pixelInstantce);\n\n    this.history = window.history;\n\n    Router.instantce = this;\n  }\n\n  public setPixelInstantce(pixelInstantce?: typeof Pixel) {\n    if (pixelInstantce) {\n      this.pixelInstantce = pixelInstantce;\n    }\n  }\n\n  public handleAuthChange(isAuth: boolean) {\n    if (!isAuth) {\n      this.isAuth = false;\n    } else {\n      this.isAuth = true;\n    }\n\n    this.checkRoute(window, true);\n  }\n\n  public async setRoutes(routesConfig: IRoutesConfig) {\n    const { routes, defaultRoute, auth } = routesConfig;\n\n    try {\n      if (!defaultRoute) {\n        throw Error(Router.ERRORS.NO_DEF_CONF);\n      }\n\n      if (!defaultRoute.path) {\n        throw Error(Router.ERRORS.NO_DEF_ROUTES);\n      }\n\n      if (!this.pixelInstantce.components[defaultRoute.component]) {\n        throw Error(Router.ERRORS.WRONG_DEF_COMP);\n      }\n\n      if (!routes) {\n        throw Error(Router.ERRORS.NO_ROUTES);\n      }\n\n      Object.keys(routes).forEach((key) => {\n        if (!routes[key] || !this.pixelInstantce.components[routes[key].component]) {\n          throw Error(Router.ERRORS.WRONG_COMP);\n        }\n      });\n\n      this.defaultRoute = defaultRoute;\n      this.routes = { ...routes, [defaultRoute.path]: defaultRoute };\n\n      if (auth) {\n        const { redirect, check, permittedRoutes, authRedirect } = auth;\n        this.redirect = redirect;\n        this.authRedirect = authRedirect;\n        this.permittedRoutes = permittedRoutes;\n        await check();\n      } else {\n        this.withAuth = false;\n      }\n\n      this.start();\n    } catch (error) {\n      console.error(error);\n    }\n  }\n\n  private start = () => {\n    window.onpopstate = (event: any) => {\n      const target = event.currentTarget as Window;\n      this.checkRoute(target);\n    };\n\n    this.checkRoute(window);\n  };\n\n  public go(pathname: string) {\n    this.history.pushState({ page: pathname }, '', pathname);\n    this.checkRoute(window);\n  }\n\n  private checkRoute = (target: Window = window, authChange?: boolean) => {\n    let currentRoute = target.location.pathname.slice(1);\n\n    if (!currentRoute) {\n      currentRoute = this.defaultRoute.path;\n    } else if (!this.routes[currentRoute]) {\n      currentRoute = 'wrong';\n    }\n\n    if (this.currentPlace !== currentRoute || authChange) {\n      if (this.withAuth) {\n        this.replaceWithAuth(currentRoute);\n      } else {\n        this.changeLayout(this.routes[currentRoute].component, currentRoute);\n      }\n    }\n  };\n\n  private replaceWithAuth(currentRoute: string) {\n    const isFromBasePermitted = this.permittedRoutes.some((route) => route === currentRoute);\n\n    if (!this.isAuth && !isFromBasePermitted) {\n      this.go(this.redirect);\n    } else if (this.isAuth && isFromBasePermitted) {\n      this.go(this.authRedirect);\n    } else {\n      this.changeLayout(this.routes[currentRoute].component, currentRoute);\n    }\n  }\n\n  public changeLayout = (componentName: string, currentRoute: string) => {\n    this.currentPlace = currentRoute;\n    this.pixelInstantce.render(`<${componentName}  />`);\n  };\n}\n\nexport default Router;\n"]},"_coverageSchema":"1a1c01bbd47fc00a2c39e90264f33305004495a9","hash":"1aad25998b5f001a72320fc0d21e7a6f33970365","contentHash":"a09b0218135037daeb7914fcffe2f026e28c261daf0b04fcd0e803c0f8d088c2"},"/mnt/C012BA0A12BA0586/Study/Programming/JavaScript/YPractice/pixel_chat/src/utils/pixel/router/router.type.ts":{"path":"/mnt/C012BA0A12BA0586/Study/Programming/JavaScript/YPractice/pixel_chat/src/utils/pixel/router/router.type.ts","statementMap":{"0":{"start":{"line":2,"column":0},"end":{"line":2,"column":62}}},"fnMap":{},"branchMap":{},"s":{"0":1},"f":{},"b":{},"inputSourceMap":{"version":3,"file":"/mnt/C012BA0A12BA0586/Study/Programming/JavaScript/YPractice/pixel_chat/src/utils/pixel/router/router.type.ts","sources":["/mnt/C012BA0A12BA0586/Study/Programming/JavaScript/YPractice/pixel_chat/src/utils/pixel/router/router.type.ts"],"names":[],"mappings":"","sourcesContent":["interface IRouterState {\n  history: History;\n}\n\ninterface IBaseAuth {\n  check: () => Promise<any>;\n  redirect: string;\n  authRedirect: string;\n  permittedRoutes: string[];\n}\n\ninterface IDefaultRoute {\n  path: string;\n  component: string;\n  title: string;\n}\n\ninterface IRouteConfig {\n  component: string;\n  title: string;\n}\ninterface IRoutes {\n  wrong: IRouteConfig;\n  error: IRouteConfig;\n  [key: string]: IRouteConfig;\n}\n\ninterface IRoutesConfig {\n  auth?: IBaseAuth;\n  routes: IRoutes;\n  defaultRoute: IDefaultRoute;\n}\n\nexport { IRouterState, IRoutesConfig, IDefaultRoute, IRoutes };\n"]},"_coverageSchema":"1a1c01bbd47fc00a2c39e90264f33305004495a9","hash":"abbbd23d84814267236bc4bbf1f1cdb5b4af0d7d","contentHash":"6e0d233af6a65aeceee99c84df433e71710336d52b617051b5ea6a26336d8139"},"/mnt/C012BA0A12BA0586/Study/Programming/JavaScript/YPractice/pixel_chat/src/utils/pixel/store/index.ts":{"path":"/mnt/C012BA0A12BA0586/Study/Programming/JavaScript/YPractice/pixel_chat/src/utils/pixel/store/index.ts","statementMap":{"0":{"start":{"line":2,"column":0},"end":{"line":2,"column":62}},"1":{"start":{"line":3,"column":0},"end":{"line":3,"column":55}},"2":{"start":{"line":4,"column":14},"end":{"line":4,"column":32}},"3":{"start":{"line":5,"column":0},"end":{"line":5,"column":106}},"4":{"start":{"line":5,"column":79},"end":{"line":5,"column":100}},"5":{"start":{"line":6,"column":19},"end":{"line":6,"column":42}},"6":{"start":{"line":7,"column":0},"end":{"line":7,"column":143}},"7":{"start":{"line":7,"column":95},"end":{"line":7,"column":137}}},"fnMap":{"0":{"name":"(anonymous_0)","decl":{"start":{"line":5,"column":65},"end":{"line":5,"column":66}},"loc":{"start":{"line":5,"column":77},"end":{"line":5,"column":102}},"line":5},"1":{"name":"(anonymous_1)","decl":{"start":{"line":7,"column":81},"end":{"line":7,"column":82}},"loc":{"start":{"line":7,"column":93},"end":{"line":7,"column":139}},"line":7}},"branchMap":{},"s":{"0":1,"1":1,"2":1,"3":1,"4":2,"5":1,"6":1,"7":0},"f":{"0":2,"1":0},"b":{},"inputSourceMap":{"version":3,"file":"/mnt/C012BA0A12BA0586/Study/Programming/JavaScript/YPractice/pixel_chat/src/utils/pixel/store/index.ts","sources":["/mnt/C012BA0A12BA0586/Study/Programming/JavaScript/YPractice/pixel_chat/src/utils/pixel/store/index.ts"],"names":[],"mappings":";;;AAAA,iCAAgC;AAAvB,8FAAA,KAAK,OAAA;AACd,2CAAqD;AAA5C,mHAAA,qBAAqB,OAAA","sourcesContent":["export { Store } from './store';\nexport { IPixelStoreUpdateProp } from './store.type';\n"]},"_coverageSchema":"1a1c01bbd47fc00a2c39e90264f33305004495a9","hash":"96ad62fae227a9725b492a6f6d67ad55617aa88a","contentHash":"0fb4bd1291bfa16fe17330ff6f7a9a116f487c1aa15d9e0a283c4d9406e948e1"},"/mnt/C012BA0A12BA0586/Study/Programming/JavaScript/YPractice/pixel_chat/src/utils/pixel/store/store.ts":{"path":"/mnt/C012BA0A12BA0586/Study/Programming/JavaScript/YPractice/pixel_chat/src/utils/pixel/store/store.ts","statementMap":{"0":{"start":{"line":2,"column":15},"end":{"line":12,"column":1}},"1":{"start":{"line":3,"column":4},"end":{"line":10,"column":6}},"2":{"start":{"line":4,"column":8},"end":{"line":8,"column":9}},"3":{"start":{"line":4,"column":24},"end":{"line":4,"column":25}},"4":{"start":{"line":4,"column":31},"end":{"line":4,"column":47}},"5":{"start":{"line":5,"column":12},"end":{"line":5,"column":29}},"6":{"start":{"line":6,"column":12},"end":{"line":7,"column":28}},"7":{"start":{"line":6,"column":29},"end":{"line":7,"column":28}},"8":{"start":{"line":7,"column":16},"end":{"line":7,"column":28}},"9":{"start":{"line":9,"column":8},"end":{"line":9,"column":17}},"10":{"start":{"line":11,"column":4},"end":{"line":11,"column":43}},"11":{"start":{"line":13,"column":0},"end":{"line":13,"column":62}},"12":{"start":{"line":14,"column":0},"end":{"line":14,"column":23}},"13":{"start":{"line":15,"column":14},"end":{"line":15,"column":36}},"14":{"start":{"line":16,"column":13},"end":{"line":101,"column":3}},"15":{"start":{"line":18,"column":20},"end":{"line":18,"column":24}},"16":{"start":{"line":19,"column":8},"end":{"line":19,"column":33}},"17":{"start":{"line":20,"column":8},"end":{"line":20,"column":28}},"18":{"start":{"line":21,"column":8},"end":{"line":26,"column":10}},"19":{"start":{"line":22,"column":12},"end":{"line":24,"column":13}},"20":{"start":{"line":23,"column":16},"end":{"line":23,"column":69}},"21":{"start":{"line":25,"column":12},"end":{"line":25,"column":114}},"22":{"start":{"line":25,"column":85},"end":{"line":25,"column":110}},"23":{"start":{"line":27,"column":8},"end":{"line":33,"column":10}},"24":{"start":{"line":28,"column":12},"end":{"line":32,"column":13}},"25":{"start":{"line":29,"column":16},"end":{"line":31,"column":19}},"26":{"start":{"line":30,"column":20},"end":{"line":30,"column":92}},"27":{"start":{"line":34,"column":8},"end":{"line":40,"column":10}},"28":{"start":{"line":35,"column":12},"end":{"line":39,"column":15}},"29":{"start":{"line":36,"column":16},"end":{"line":38,"column":17}},"30":{"start":{"line":37,"column":20},"end":{"line":37,"column":54}},"31":{"start":{"line":41,"column":8},"end":{"line":41,"column":45}},"32":{"start":{"line":42,"column":8},"end":{"line":42,"column":61}},"33":{"start":{"line":43,"column":8},"end":{"line":43,"column":50}},"34":{"start":{"line":45,"column":4},"end":{"line":48,"column":6}},"35":{"start":{"line":46,"column":8},"end":{"line":46,"column":53}},"36":{"start":{"line":46,"column":36},"end":{"line":46,"column":51}},"37":{"start":{"line":47,"column":8},"end":{"line":47,"column":108}},"38":{"start":{"line":49,"column":4},"end":{"line":65,"column":6}},"39":{"start":{"line":50,"column":19},"end":{"line":50,"column":23}},"40":{"start":{"line":51,"column":24},"end":{"line":63,"column":9}},"41":{"start":{"line":52,"column":42},"end":{"line":52,"column":61}},"42":{"start":{"line":54,"column":16},"end":{"line":58,"column":17}},"43":{"start":{"line":55,"column":20},"end":{"line":55,"column":41}},"44":{"start":{"line":56,"column":20},"end":{"line":56,"column":36}},"45":{"start":{"line":57,"column":20},"end":{"line":57,"column":32}},"46":{"start":{"line":59,"column":16},"end":{"line":59,"column":65}},"47":{"start":{"line":60,"column":16},"end":{"line":60,"column":29}},"48":{"start":{"line":62,"column":42},"end":{"line":62,"column":55}},"49":{"start":{"line":64,"column":8},"end":{"line":64,"column":47}},"50":{"start":{"line":66,"column":4},"end":{"line":80,"column":6}},"51":{"start":{"line":67,"column":19},"end":{"line":67,"column":23}},"52":{"start":{"line":68,"column":24},"end":{"line":78,"column":9}},"53":{"start":{"line":69,"column":42},"end":{"line":69,"column":61}},"54":{"start":{"line":71,"column":16},"end":{"line":71,"column":37}},"55":{"start":{"line":72,"column":16},"end":{"line":74,"column":17}},"56":{"start":{"line":73,"column":20},"end":{"line":73,"column":51}},"57":{"start":{"line":75,"column":16},"end":{"line":75,"column":28}},"58":{"start":{"line":77,"column":42},"end":{"line":77,"column":55}},"59":{"start":{"line":79,"column":8},"end":{"line":79,"column":55}},"60":{"start":{"line":81,"column":4},"end":{"line":87,"column":6}},"61":{"start":{"line":82,"column":8},"end":{"line":85,"column":9}},"62":{"start":{"line":83,"column":12},"end":{"line":83,"column":39}},"63":{"start":{"line":84,"column":12},"end":{"line":84,"column":37}},"64":{"start":{"line":86,"column":8},"end":{"line":86,"column":45}},"65":{"start":{"line":88,"column":4},"end":{"line":90,"column":6}},"66":{"start":{"line":89,"column":8},"end":{"line":89,"column":34}},"67":{"start":{"line":91,"column":4},"end":{"line":96,"column":6}},"68":{"start":{"line":92,"column":20},"end":{"line":92,"column":24}},"69":{"start":{"line":93,"column":8},"end":{"line":95,"column":11}},"70":{"start":{"line":94,"column":12},"end":{"line":94,"column":47}},"71":{"start":{"line":97,"column":4},"end":{"line":99,"column":6}},"72":{"start":{"line":98,"column":43},"end":{"line":98,"column":87}},"73":{"start":{"line":100,"column":4},"end":{"line":100,"column":17}},"74":{"start":{"line":102,"column":0},"end":{"line":102,"column":22}}},"fnMap":{"0":{"name":"(anonymous_0)","decl":{"start":{"line":2,"column":42},"end":{"line":2,"column":43}},"loc":{"start":{"line":2,"column":54},"end":{"line":12,"column":1}},"line":2},"1":{"name":"(anonymous_1)","decl":{"start":{"line":3,"column":32},"end":{"line":3,"column":33}},"loc":{"start":{"line":3,"column":44},"end":{"line":10,"column":5}},"line":3},"2":{"name":"(anonymous_2)","decl":{"start":{"line":16,"column":13},"end":{"line":16,"column":14}},"loc":{"start":{"line":16,"column":25},"end":{"line":101,"column":1}},"line":16},"3":{"name":"Store","decl":{"start":{"line":17,"column":13},"end":{"line":17,"column":18}},"loc":{"start":{"line":17,"column":35},"end":{"line":44,"column":5}},"line":17},"4":{"name":"(anonymous_4)","decl":{"start":{"line":21,"column":27},"end":{"line":21,"column":28}},"loc":{"start":{"line":21,"column":54},"end":{"line":26,"column":9}},"line":21},"5":{"name":"(anonymous_5)","decl":{"start":{"line":25,"column":67},"end":{"line":25,"column":68}},"loc":{"start":{"line":25,"column":83},"end":{"line":25,"column":112}},"line":25},"6":{"name":"(anonymous_6)","decl":{"start":{"line":27,"column":20},"end":{"line":27,"column":21}},"loc":{"start":{"line":27,"column":37},"end":{"line":33,"column":9}},"line":27},"7":{"name":"(anonymous_7)","decl":{"start":{"line":29,"column":47},"end":{"line":29,"column":48}},"loc":{"start":{"line":29,"column":67},"end":{"line":31,"column":17}},"line":29},"8":{"name":"(anonymous_8)","decl":{"start":{"line":34,"column":34},"end":{"line":34,"column":35}},"loc":{"start":{"line":34,"column":52},"end":{"line":40,"column":9}},"line":34},"9":{"name":"(anonymous_9)","decl":{"start":{"line":35,"column":41},"end":{"line":35,"column":42}},"loc":{"start":{"line":35,"column":61},"end":{"line":39,"column":13}},"line":35},"10":{"name":"(anonymous_10)","decl":{"start":{"line":45,"column":27},"end":{"line":45,"column":28}},"loc":{"start":{"line":45,"column":48},"end":{"line":48,"column":5}},"line":45},"11":{"name":"(anonymous_11)","decl":{"start":{"line":49,"column":34},"end":{"line":49,"column":35}},"loc":{"start":{"line":49,"column":55},"end":{"line":65,"column":5}},"line":49},"12":{"name":"(anonymous_12)","decl":{"start":{"line":52,"column":17},"end":{"line":52,"column":18}},"loc":{"start":{"line":52,"column":40},"end":{"line":52,"column":63}},"line":52},"13":{"name":"(anonymous_13)","decl":{"start":{"line":53,"column":17},"end":{"line":53,"column":18}},"loc":{"start":{"line":53,"column":48},"end":{"line":61,"column":13}},"line":53},"14":{"name":"(anonymous_14)","decl":{"start":{"line":62,"column":28},"end":{"line":62,"column":29}},"loc":{"start":{"line":62,"column":40},"end":{"line":62,"column":57}},"line":62},"15":{"name":"(anonymous_15)","decl":{"start":{"line":66,"column":38},"end":{"line":66,"column":39}},"loc":{"start":{"line":66,"column":50},"end":{"line":80,"column":5}},"line":66},"16":{"name":"(anonymous_16)","decl":{"start":{"line":69,"column":17},"end":{"line":69,"column":18}},"loc":{"start":{"line":69,"column":40},"end":{"line":69,"column":63}},"line":69},"17":{"name":"(anonymous_17)","decl":{"start":{"line":70,"column":17},"end":{"line":70,"column":18}},"loc":{"start":{"line":70,"column":48},"end":{"line":76,"column":13}},"line":70},"18":{"name":"(anonymous_18)","decl":{"start":{"line":77,"column":28},"end":{"line":77,"column":29}},"loc":{"start":{"line":77,"column":40},"end":{"line":77,"column":57}},"line":77},"19":{"name":"(anonymous_19)","decl":{"start":{"line":81,"column":32},"end":{"line":81,"column":33}},"loc":{"start":{"line":81,"column":59},"end":{"line":87,"column":5}},"line":81},"20":{"name":"(anonymous_20)","decl":{"start":{"line":88,"column":31},"end":{"line":88,"column":32}},"loc":{"start":{"line":88,"column":55},"end":{"line":90,"column":5}},"line":88},"21":{"name":"(anonymous_21)","decl":{"start":{"line":91,"column":34},"end":{"line":91,"column":35}},"loc":{"start":{"line":91,"column":50},"end":{"line":96,"column":5}},"line":91},"22":{"name":"(anonymous_22)","decl":{"start":{"line":93,"column":34},"end":{"line":93,"column":35}},"loc":{"start":{"line":93,"column":49},"end":{"line":95,"column":9}},"line":93},"23":{"name":"(anonymous_23)","decl":{"start":{"line":98,"column":24},"end":{"line":98,"column":25}},"loc":{"start":{"line":98,"column":41},"end":{"line":98,"column":89}},"line":98}},"branchMap":{"0":{"loc":{"start":{"line":2,"column":15},"end":{"line":12,"column":1}},"type":"binary-expr","locations":[{"start":{"line":2,"column":16},"end":{"line":2,"column":20}},{"start":{"line":2,"column":24},"end":{"line":2,"column":37}},{"start":{"line":2,"column":42},"end":{"line":12,"column":1}}],"line":2},"1":{"loc":{"start":{"line":3,"column":15},"end":{"line":10,"column":5}},"type":"binary-expr","locations":[{"start":{"line":3,"column":15},"end":{"line":3,"column":28}},{"start":{"line":3,"column":32},"end":{"line":10,"column":5}}],"line":3},"2":{"loc":{"start":{"line":6,"column":29},"end":{"line":7,"column":28}},"type":"if","locations":[{"start":{"line":6,"column":29},"end":{"line":7,"column":28}},{"start":{"line":6,"column":29},"end":{"line":7,"column":28}}],"line":6},"3":{"loc":{"start":{"line":22,"column":12},"end":{"line":24,"column":13}},"type":"if","locations":[{"start":{"line":22,"column":12},"end":{"line":24,"column":13}},{"start":{"line":22,"column":12},"end":{"line":24,"column":13}}],"line":22},"4":{"loc":{"start":{"line":28,"column":12},"end":{"line":32,"column":13}},"type":"if","locations":[{"start":{"line":28,"column":12},"end":{"line":32,"column":13}},{"start":{"line":28,"column":12},"end":{"line":32,"column":13}}],"line":28},"5":{"loc":{"start":{"line":36,"column":16},"end":{"line":38,"column":17}},"type":"if","locations":[{"start":{"line":36,"column":16},"end":{"line":38,"column":17}},{"start":{"line":36,"column":16},"end":{"line":38,"column":17}}],"line":36},"6":{"loc":{"start":{"line":36,"column":20},"end":{"line":36,"column":57}},"type":"binary-expr","locations":[{"start":{"line":36,"column":20},"end":{"line":36,"column":28}},{"start":{"line":36,"column":32},"end":{"line":36,"column":57}}],"line":36},"7":{"loc":{"start":{"line":46,"column":8},"end":{"line":46,"column":53}},"type":"if","locations":[{"start":{"line":46,"column":8},"end":{"line":46,"column":53}},{"start":{"line":46,"column":8},"end":{"line":46,"column":53}}],"line":46},"8":{"loc":{"start":{"line":54,"column":16},"end":{"line":58,"column":17}},"type":"if","locations":[{"start":{"line":54,"column":16},"end":{"line":58,"column":17}},{"start":{"line":54,"column":16},"end":{"line":58,"column":17}}],"line":54},"9":{"loc":{"start":{"line":72,"column":16},"end":{"line":74,"column":17}},"type":"if","locations":[{"start":{"line":72,"column":16},"end":{"line":74,"column":17}},{"start":{"line":72,"column":16},"end":{"line":74,"column":17}}],"line":72},"10":{"loc":{"start":{"line":82,"column":8},"end":{"line":85,"column":9}},"type":"if","locations":[{"start":{"line":82,"column":8},"end":{"line":85,"column":9}},{"start":{"line":82,"column":8},"end":{"line":85,"column":9}}],"line":82}},"s":{"0":1,"1":0,"2":0,"3":0,"4":0,"5":0,"6":0,"7":0,"8":0,"9":0,"10":0,"11":1,"12":1,"13":1,"14":1,"15":1,"16":1,"17":1,"18":1,"19":0,"20":0,"21":0,"22":0,"23":1,"24":0,"25":0,"26":0,"27":1,"28":0,"29":0,"30":0,"31":1,"32":1,"33":1,"34":1,"35":0,"36":0,"37":0,"38":1,"39":0,"40":0,"41":0,"42":0,"43":0,"44":0,"45":0,"46":0,"47":0,"48":0,"49":0,"50":1,"51":1,"52":1,"53":0,"54":0,"55":0,"56":0,"57":0,"58":0,"59":1,"60":1,"61":0,"62":0,"63":0,"64":0,"65":1,"66":0,"67":1,"68":0,"69":0,"70":0,"71":1,"72":0,"73":1,"74":1},"f":{"0":0,"1":0,"2":1,"3":1,"4":0,"5":0,"6":0,"7":0,"8":0,"9":0,"10":0,"11":0,"12":0,"13":0,"14":0,"15":1,"16":0,"17":0,"18":0,"19":0,"20":0,"21":0,"22":0,"23":0},"b":{"0":[1,1,1],"1":[0,0],"2":[0,0],"3":[0,0],"4":[0,0],"5":[0,0],"6":[0,0],"7":[0,0],"8":[0,0],"9":[0,0],"10":[0,0]},"inputSourceMap":{"version":3,"file":"/mnt/C012BA0A12BA0586/Study/Programming/JavaScript/YPractice/pixel_chat/src/utils/pixel/store/store.ts","sources":["/mnt/C012BA0A12BA0586/Study/Programming/JavaScript/YPractice/pixel_chat/src/utils/pixel/store/store.ts"],"names":[],"mappings":";;;;;;;;;;;;;;AAAA,qCAAqC;AAKrC;IAeE,eAAY,cAA4B;QAAxC,iBAKC;QAbS,mBAAc,GAA0B,EAAE,CAAC;QAMrD,cAAS,GAAqC,EAAE,CAAC;QA6DjD,gBAAW,GAAG,UAAC,KAAa,EAAE,QAAwB;YACpD,IAAI,CAAC,KAAI,CAAC,SAAS,CAAC,KAAK,CAAC,EAAE;gBAC1B,MAAM,IAAI,KAAK,CAAC,WAAS,KAAK,mBAAgB,CAAC,CAAC;aACjD;YAED,KAAI,CAAC,SAAS,CAAC,KAAK,CAAC,GAAG,KAAI,CAAC,SAAS,CAAC,KAAK,CAAC,CAAC,MAAM,CAAC,UAAC,IAAI,IAAK,OAAA,IAAI,KAAK,QAAQ,EAAjB,CAAiB,CAAC,CAAC;QACpF,CAAC,CAAC;QAYQ,SAAI,GAAG,UAAC,KAAa;YAC7B,IAAI,KAAI,CAAC,SAAS,CAAC,KAAK,CAAC,EAAE;gBACzB,KAAI,CAAC,SAAS,CAAC,KAAK,CAAC,CAAC,OAAO,CAAC,UAAC,QAAQ;oBACrC,QAAQ,CAAC,QAAQ,CAAC,IAAI,CAAC,cAAM,CAAC,GAAG,EAAE,CAAC,KAAK,EAAE,KAAI,CAAC,KAAK,CAAC,KAAK,CAAC,CAAC,CAAC,CAAC;gBACjE,CAAC,CAAC,CAAC;aACJ;QACH,CAAC,CAAC;QAEQ,uBAAkB,GAAG,UAAC,MAAe;YAC7C,KAAI,CAAC,cAAc,CAAC,OAAO,CAAC,UAAC,QAAQ;gBACnC,IAAI,QAAQ,IAAI,QAAQ,CAAC,gBAAgB,EAAE;oBACzC,QAAQ,CAAC,gBAAgB,CAAC,MAAM,CAAC,CAAC;iBACnC;YACH,CAAC,CAAC,CAAC;QACL,CAAC,CAAC;QA1FA,IAAI,CAAC,cAAc,GAAG,cAAc,CAAC;QACrC,IAAI,CAAC,cAAc,CAAC,IAAI,CAAC,IAAI,CAAC,cAAc,CAAC,MAAM,CAAC,CAAC;QAErD,IAAI,CAAC,WAAW,GAAG,IAAI,CAAC,eAAe,EAAE,CAAC;IAC5C,CAAC;IAED,oBAAI,GAAJ,UAAK,SAAmC;QAAnC,0BAAA,EAAA,cAAmC;QACtC,IAAI,CAAC,KAAK,GAAG,IAAI,CAAC,WAAW,uBAAM,SAAS,KAAE,WAAW,EAAE,IAAI,CAAC,WAAW,IAAG,CAAC;IACjF,CAAC;IAED,2BAAW,GAAX,UAAY,SAA8B;QACxC,IAAM,IAAI,GAAG,IAAI,CAAC;QAClB,IAAM,SAAS,GAAG;YAChB,GAAG,EAAE,UAAC,MAA2B,EAAE,GAAW,IAAc,OAAA,MAAM,CAAC,GAAG,CAAC,EAAX,CAAW;YACvE,GAAG,EAAE,UAAC,MAA2B,EAAE,IAAY,EAAE,KAAc;gBAC7D,IAAI,IAAI,IAAI,MAAM,EAAE;oBAClB,MAAM,CAAC,IAAI,CAAC,GAAG,KAAK,CAAC;oBACrB,IAAI,CAAC,IAAI,CAAC,IAAI,CAAC,CAAC;oBAChB,OAAO,IAAI,CAAC;iBACb;gBAED,OAAO,CAAC,KAAK,CAAC,KAAK,CAAC,MAAM,CAAC,cAAc,CAAC,IAAI,CAAC,CAAC,CAAC;gBAEjD,OAAO,KAAK,CAAC;YACf,CAAC;YACD,cAAc,EAAE,cAAM,OAAA,KAAK,EAAL,CAAK;SAC5B,CAAC;QAEF,OAAO,IAAI,KAAK,CAAC,SAAS,EAAE,SAAS,CAAC,CAAC;IACzC,CAAC;IAED,+BAAe,GAAf;QACE,IAAM,IAAI,GAAG,IAAI,CAAC;QAClB,IAAM,SAAS,GAAG;YAChB,GAAG,EAAE,UAAC,MAAyB,EAAE,GAAW,IAAc,OAAA,MAAM,CAAC,GAAG,CAAC,EAAX,CAAW;YACrE,GAAG,EAAE,UAAC,MAAyB,EAAE,IAAY,EAAE,KAAc;gBAC3D,MAAM,CAAC,IAAI,CAAC,GAAG,KAAK,CAAC;gBAErB,IAAI,IAAI,KAAK,QAAQ,EAAE;oBACrB,IAAI,CAAC,kBAAkB,CAAC,KAAgB,CAAC,CAAC;iBAC3C;gBACD,OAAO,IAAI,CAAC;YACd,CAAC;YACD,cAAc,EAAE,cAAM,OAAA,KAAK,EAAL,CAAK;SAC5B,CAAC;QAEF,OAAO,IAAI,KAAK,CAAC,EAAE,MAAM,EAAE,KAAK,EAAE,EAAE,SAAS,CAAC,CAAC;IACjD,CAAC;IAED,yBAAS,GAAT,UAAU,KAAa,EAAE,QAAwB;QAC/C,IAAI,CAAC,IAAI,CAAC,SAAS,CAAC,KAAK,CAAC,EAAE;YAC1B,IAAI,CAAC,SAAS,CAAC,KAAK,CAAC,GAAG,EAAE,CAAC;YAC3B,IAAI,CAAC,KAAK,CAAC,KAAK,CAAC,GAAG,IAAI,CAAC;SAC1B;QAED,IAAI,CAAC,SAAS,CAAC,KAAK,CAAC,CAAC,IAAI,CAAC,QAAQ,CAAC,CAAC;IACvC,CAAC;IAUD,wBAAQ,GAAR,UAAS,KAAa,EAAE,KAAU;QAChC,IAAI,CAAC,KAAK,CAAC,KAAK,CAAC,GAAG,KAAK,CAAC;IAC5B,CAAC;IAED,2BAAW,GAAX,UAAY,IAAuB;QAAnC,iBAIC;QAHC,MAAM,CAAC,IAAI,CAAC,IAAI,CAAC,CAAC,OAAO,CAAC,UAAC,GAAG;YAC5B,KAAI,CAAC,WAAW,CAAC,GAAG,CAAC,GAAG,IAAI,CAAC,GAAG,CAAC,CAAC;QACpC,CAAC,CAAC,CAAC;IACL,CAAC;IAzFM,YAAM,GAAG;QACd,cAAc,EAAE,UAAC,KAAa,IAAK,OAAA,+BAA6B,KAAO,EAApC,CAAoC;KACxE,CAAC;IAwGJ,YAAC;CAAA,AA3GD,IA2GC;AA3GY,sBAAK","sourcesContent":["import { EVENTS } from '../../const';\nimport { ParentNodeType } from '../pixelDom';\nimport { Pixel } from '../root';\nimport { ICurrentUserStore } from './store.type';\n\nexport class Store {\n  static ERRORS = {\n    missStoreField: (field: string) => `Store does't have field - ${field}`,\n  };\n\n  pixelInstantce: typeof Pixel;\n\n  protected authListenters: Record<string, any>[] = [];\n\n  public currentUser: ICurrentUserStore;\n\n  store: Record<string, any>;\n\n  listeners: Record<string, ParentNodeType[]> = {};\n\n  constructor(pixelInstantce: typeof Pixel) {\n    this.pixelInstantce = pixelInstantce;\n    this.authListenters.push(this.pixelInstantce.router);\n\n    this.currentUser = this.createUserStore();\n  }\n\n  init(baseStore: Record<string, any> = {}) {\n    this.store = this.createStore({ ...baseStore, currentUser: this.currentUser });\n  }\n\n  createStore(baseStore: Record<string, any>) {\n    const self = this;\n    const validator = {\n      get: (target: Record<string, any>, key: string): unknown => target[key],\n      set: (target: Record<string, any>, prop: string, value: unknown) => {\n        if (prop in target) {\n          target[prop] = value;\n          self.emit(prop);\n          return true;\n        }\n\n        console.error(Store.ERRORS.missStoreField(prop));\n\n        return false;\n      },\n      deleteProperty: () => false,\n    };\n\n    return new Proxy(baseStore, validator);\n  }\n\n  createUserStore() {\n    const self = this;\n    const validator = {\n      get: (target: ICurrentUserStore, key: string): unknown => target[key],\n      set: (target: ICurrentUserStore, prop: string, value: unknown) => {\n        target[prop] = value;\n\n        if (prop === 'isAuth') {\n          self.emitAuthListenters(value as boolean);\n        }\n        return true;\n      },\n      deleteProperty: () => false,\n    };\n\n    return new Proxy({ isAuth: false }, validator);\n  }\n\n  subscribe(field: string, listener: ParentNodeType) {\n    if (!this.listeners[field]) {\n      this.listeners[field] = [];\n      this.store[field] = null;\n    }\n\n    this.listeners[field].push(listener);\n  }\n\n  unsubscribe = (event: string, listener: ParentNodeType) => {\n    if (!this.listeners[event]) {\n      throw new Error(`Event ${event} is undefined `);\n    }\n\n    this.listeners[event] = this.listeners[event].filter((item) => item !== listener);\n  };\n\n  dispatch(field: string, value: any) {\n    this.store[field] = value;\n  }\n\n  setUserData(data: ICurrentUserStore) {\n    Object.keys(data).forEach((key) => {\n      this.currentUser[key] = data[key];\n    });\n  }\n\n  protected emit = (field: string) => {\n    if (this.listeners[field]) {\n      this.listeners[field].forEach((listener) => {\n        listener.eventBus.emit(EVENTS.PSU, [field, this.store[field]]);\n      });\n    }\n  };\n\n  protected emitAuthListenters = (isAuth: boolean) => {\n    this.authListenters.forEach((listener) => {\n      if (listener && listener.handleAuthChange) {\n        listener.handleAuthChange(isAuth);\n      }\n    });\n  };\n}\n"]},"_coverageSchema":"1a1c01bbd47fc00a2c39e90264f33305004495a9","hash":"f2d56c7f9cb8757966cb3ded32022ca2c894a348","contentHash":"acfaa095f5fea719e5a5b8ed62d330162d13380e924551d89725754d5811db12"},"/mnt/C012BA0A12BA0586/Study/Programming/JavaScript/YPractice/pixel_chat/src/utils/const.ts":{"path":"/mnt/C012BA0A12BA0586/Study/Programming/JavaScript/YPractice/pixel_chat/src/utils/const.ts","statementMap":{"0":{"start":{"line":2,"column":0},"end":{"line":2,"column":62}},"1":{"start":{"line":3,"column":0},"end":{"line":3,"column":24}},"2":{"start":{"line":5,"column":0},"end":{"line":9,"column":53}},"3":{"start":{"line":6,"column":4},"end":{"line":6,"column":37}},"4":{"start":{"line":7,"column":4},"end":{"line":7,"column":34}},"5":{"start":{"line":8,"column":4},"end":{"line":8,"column":41}}},"fnMap":{"0":{"name":"(anonymous_0)","decl":{"start":{"line":5,"column":1},"end":{"line":5,"column":2}},"loc":{"start":{"line":5,"column":19},"end":{"line":9,"column":1}},"line":5}},"branchMap":{"0":{"loc":{"start":{"line":9,"column":12},"end":{"line":9,"column":51}},"type":"binary-expr","locations":[{"start":{"line":9,"column":12},"end":{"line":9,"column":26}},{"start":{"line":9,"column":31},"end":{"line":9,"column":50}}],"line":9}},"s":{"0":1,"1":1,"2":1,"3":1,"4":1,"5":1},"f":{"0":1},"b":{"0":[1,1]},"inputSourceMap":{"version":3,"file":"/mnt/C012BA0A12BA0586/Study/Programming/JavaScript/YPractice/pixel_chat/src/utils/const.ts","sources":["/mnt/C012BA0A12BA0586/Study/Programming/JavaScript/YPractice/pixel_chat/src/utils/const.ts"],"names":[],"mappings":";;;AAAA,IAAY,MAIX;AAJD,WAAY,MAAM;IAChB,gCAAsB,CAAA;IACtB,6BAAmB,CAAA;IACnB,oCAA0B,CAAA;AAC5B,CAAC,EAJW,MAAM,GAAN,cAAM,KAAN,cAAM,QAIjB","sourcesContent":["export enum EVENTS {\n  NDM = 'node-did-mount',\n  NU = 'node-unmount',\n  PSU = 'pixel-store-update',\n}\n"]},"_coverageSchema":"1a1c01bbd47fc00a2c39e90264f33305004495a9","hash":"b80a126cbcd09730dc3c297a2f034cc48c6bd7c6","contentHash":"0e383e295f8132aebacd5a39e078d5e43fafda69680962a915e040645e417bfb"},"/mnt/C012BA0A12BA0586/Study/Programming/JavaScript/YPractice/pixel_chat/src/utils/pixel/store/store.type.ts":{"path":"/mnt/C012BA0A12BA0586/Study/Programming/JavaScript/YPractice/pixel_chat/src/utils/pixel/store/store.type.ts","statementMap":{"0":{"start":{"line":2,"column":0},"end":{"line":2,"column":62}}},"fnMap":{},"branchMap":{},"s":{"0":1},"f":{},"b":{},"inputSourceMap":{"version":3,"file":"/mnt/C012BA0A12BA0586/Study/Programming/JavaScript/YPractice/pixel_chat/src/utils/pixel/store/store.type.ts","sources":["/mnt/C012BA0A12BA0586/Study/Programming/JavaScript/YPractice/pixel_chat/src/utils/pixel/store/store.type.ts"],"names":[],"mappings":"","sourcesContent":["interface ICurrentUserStore {\n  isAuth?: boolean;\n  [key: string]: any;\n}\n\ntype IPixelStoreUpdateProp = [string, any];\n\nexport { ICurrentUserStore, IPixelStoreUpdateProp };\n"]},"_coverageSchema":"1a1c01bbd47fc00a2c39e90264f33305004495a9","hash":"1fc509e44013f95b34fd224d112efefd8ba61870","contentHash":"a0399c885ac1ae9870580084c5adc76cced0fe2bd25b9c6a3b07c19287ef54de"},"/mnt/C012BA0A12BA0586/Study/Programming/JavaScript/YPractice/pixel_chat/src/utils/pixel/root/pixel.ts":{"path":"/mnt/C012BA0A12BA0586/Study/Programming/JavaScript/YPractice/pixel_chat/src/utils/pixel/root/pixel.ts","statementMap":{"0":{"start":{"line":2,"column":0},"end":{"line":2,"column":62}},"1":{"start":{"line":3,"column":0},"end":{"line":3,"column":50}},"2":{"start":{"line":4,"column":15},"end":{"line":4,"column":35}},"3":{"start":{"line":5,"column":17},"end":{"line":5,"column":39}},"4":{"start":{"line":6,"column":15},"end":{"line":6,"column":35}},"5":{"start":{"line":7,"column":14},"end":{"line":7,"column":36}},"6":{"start":{"line":8,"column":14},"end":{"line":8,"column":33}},"7":{"start":{"line":9,"column":13},"end":{"line":118,"column":3}},"8":{"start":{"line":11,"column":20},"end":{"line":11,"column":24}},"9":{"start":{"line":12,"column":8},"end":{"line":12,"column":29}},"10":{"start":{"line":13,"column":8},"end":{"line":13,"column":33}},"11":{"start":{"line":14,"column":8},"end":{"line":14,"column":38}},"12":{"start":{"line":15,"column":8},"end":{"line":28,"column":10}},"13":{"start":{"line":16,"column":12},"end":{"line":27,"column":13}},"14":{"start":{"line":17,"column":27},"end":{"line":17,"column":59}},"15":{"start":{"line":18,"column":16},"end":{"line":23,"column":17}},"16":{"start":{"line":19,"column":20},"end":{"line":19,"column":63}},"17":{"start":{"line":22,"column":20},"end":{"line":22,"column":38}},"18":{"start":{"line":26,"column":16},"end":{"line":26,"column":35}},"19":{"start":{"line":29,"column":8},"end":{"line":38,"column":10}},"20":{"start":{"line":30,"column":12},"end":{"line":30,"column":65}},"21":{"start":{"line":30,"column":43},"end":{"line":30,"column":63}},"22":{"start":{"line":31,"column":12},"end":{"line":31,"column":57}},"23":{"start":{"line":31,"column":39},"end":{"line":31,"column":55}},"24":{"start":{"line":32,"column":12},"end":{"line":37,"column":13}},"25":{"start":{"line":33,"column":16},"end":{"line":33,"column":53}},"26":{"start":{"line":35,"column":17},"end":{"line":37,"column":13}},"27":{"start":{"line":36,"column":16},"end":{"line":36,"column":39}},"28":{"start":{"line":39,"column":8},"end":{"line":53,"column":10}},"29":{"start":{"line":40,"column":12},"end":{"line":52,"column":13}},"30":{"start":{"line":41,"column":16},"end":{"line":43,"column":17}},"31":{"start":{"line":42,"column":20},"end":{"line":42,"column":60}},"32":{"start":{"line":44,"column":16},"end":{"line":44,"column":65}},"33":{"start":{"line":45,"column":16},"end":{"line":47,"column":17}},"34":{"start":{"line":46,"column":20},"end":{"line":46,"column":53}},"35":{"start":{"line":48,"column":16},"end":{"line":48,"column":40}},"36":{"start":{"line":51,"column":16},"end":{"line":51,"column":37}},"37":{"start":{"line":54,"column":8},"end":{"line":70,"column":10}},"38":{"start":{"line":55,"column":12},"end":{"line":69,"column":13}},"39":{"start":{"line":56,"column":16},"end":{"line":56,"column":49}},"40":{"start":{"line":57,"column":16},"end":{"line":59,"column":17}},"41":{"start":{"line":58,"column":20},"end":{"line":58,"column":71}},"42":{"start":{"line":60,"column":16},"end":{"line":65,"column":17}},"43":{"start":{"line":61,"column":20},"end":{"line":61,"column":82}},"44":{"start":{"line":64,"column":20},"end":{"line":64,"column":55}},"45":{"start":{"line":68,"column":16},"end":{"line":68,"column":37}},"46":{"start":{"line":71,"column":8},"end":{"line":73,"column":9}},"47":{"start":{"line":72,"column":12},"end":{"line":72,"column":34}},"48":{"start":{"line":74,"column":8},"end":{"line":74,"column":48}},"49":{"start":{"line":75,"column":8},"end":{"line":75,"column":45}},"50":{"start":{"line":76,"column":8},"end":{"line":76,"column":30}},"51":{"start":{"line":78,"column":4},"end":{"line":87,"column":6}},"52":{"start":{"line":79,"column":8},"end":{"line":81,"column":9}},"53":{"start":{"line":80,"column":12},"end":{"line":80,"column":51}},"54":{"start":{"line":82,"column":8},"end":{"line":82,"column":34}},"55":{"start":{"line":83,"column":8},"end":{"line":83,"column":38}},"56":{"start":{"line":84,"column":8},"end":{"line":84,"column":51}},"57":{"start":{"line":85,"column":8},"end":{"line":85,"column":56}},"58":{"start":{"line":86,"column":8},"end":{"line":86,"column":32}},"59":{"start":{"line":88,"column":4},"end":{"line":97,"column":6}},"60":{"start":{"line":89,"column":20},"end":{"line":89,"column":24}},"61":{"start":{"line":90,"column":8},"end":{"line":96,"column":9}},"62":{"start":{"line":91,"column":12},"end":{"line":95,"column":15}},"63":{"start":{"line":92,"column":16},"end":{"line":94,"column":17}},"64":{"start":{"line":93,"column":20},"end":{"line":93,"column":80}},"65":{"start":{"line":98,"column":4},"end":{"line":105,"column":6}},"66":{"start":{"line":99,"column":8},"end":{"line":103,"column":9}},"67":{"start":{"line":100,"column":33},"end":{"line":100,"column":65}},"68":{"start":{"line":101,"column":12},"end":{"line":101,"column":48}},"69":{"start":{"line":102,"column":12},"end":{"line":102,"column":34}},"70":{"start":{"line":104,"column":8},"end":{"line":104,"column":64}},"71":{"start":{"line":106,"column":4},"end":{"line":113,"column":6}},"72":{"start":{"line":107,"column":39},"end":{"line":107,"column":91}},"73":{"start":{"line":108,"column":42},"end":{"line":108,"column":115}},"74":{"start":{"line":112,"column":43},"end":{"line":112,"column":97}},"75":{"start":{"line":114,"column":4},"end":{"line":116,"column":6}},"76":{"start":{"line":117,"column":4},"end":{"line":117,"column":17}},"77":{"start":{"line":119,"column":16},"end":{"line":119,"column":27}},"78":{"start":{"line":120,"column":0},"end":{"line":120,"column":28}},"79":{"start":{"line":121,"column":0},"end":{"line":121,"column":39}},"80":{"start":{"line":122,"column":0},"end":{"line":122,"column":37}}},"fnMap":{"0":{"name":"(anonymous_0)","decl":{"start":{"line":9,"column":13},"end":{"line":9,"column":14}},"loc":{"start":{"line":9,"column":25},"end":{"line":118,"column":1}},"line":9},"1":{"name":"Pixel","decl":{"start":{"line":10,"column":13},"end":{"line":10,"column":18}},"loc":{"start":{"line":10,"column":21},"end":{"line":77,"column":5}},"line":10},"2":{"name":"(anonymous_2)","decl":{"start":{"line":15,"column":25},"end":{"line":15,"column":26}},"loc":{"start":{"line":15,"column":45},"end":{"line":28,"column":9}},"line":15},"3":{"name":"(anonymous_3)","decl":{"start":{"line":29
[...]
 VComponentNode) {\n    const componentConfig: IInitiatedComponent = Pixel.callComponentModel(name);\n\n    componentConfig.state = oldComponent.state || componentConfig.state;\n\n    const component: VComponentNode = pixelDOM.nodeFabric.create(componentConfig, {\n      props: oldComponent.componentProps,\n    } as any) as VComponentNode;\n\n    const componentParsedTag = this.parserInstant.parseHTML(componentConfig.template, {\n      componentProps: component.componentProps || {},\n      state: componentConfig.state || {},\n      methods: this.bindMethods(componentConfig.methods || {}, oldComponent),\n    });\n\n    component.init(componentParsedTag);\n\n    return component;\n  }\n\n  bindMethods = (methods: Methods, self: VComponentNode) => {\n    const methodsEntries = Object.entries(methods);\n    return methodsEntries.reduce((acc: Methods, [key, value]: [string, Function]) => {\n      acc[key] = value.bind(self);\n      return acc;\n    }, {});\n  };\n\n  handleList = (config: IInitiatedComponent, data: IParsedTag) => {\n    const components = data.listProps.map(\n      (item: Props) =>\n        pixelDOM.nodeFabric.create(config, {\n          ...data,\n          props: { ...item, ...data.props },\n          events: data.events,\n        }) as VComponentNode\n    );\n\n    const componentsParsedTag = components.map((component: VComponentNode, index: number) =>\n      this.parserInstant.parseHTML(config.template, {\n        componentProps: { ...data.props, ...data.listProps[index] } || {},\n        state: config.state || {},\n        methods: this.bindMethods(config.methods || {}, component),\n      })\n    );\n\n    componentsParsedTag.forEach((tagConfig: ParentNodeType, index: number) => {\n      components[index].init(tagConfig);\n    });\n\n    return components;\n  };\n}\n"]},"_coverageSchema":"1a1c01bbd47fc00a2c39e90264f33305004495a9","hash":"689763a8013c4048f1703410cd9b1db93a166fb6","contentHash":"993372650c11362e74c7a49a5f300956dbef1a7f081d7ea995d4710e36c35672"},"/mnt/C012BA0A12BA0586/Study/Programming/JavaScript/YPractice/pixel_chat/src/utils/pixel/parser/textParser.ts":{"path":"/mnt/C012BA0A12BA0586/Study/Programming/JavaScript/YPractice/pixel_chat/src/utils/pixel/parser/textParser.ts","statementMap":{"0":{"start":{"line":2,"column":0},"end":{"line":2,"column":62}},"1":{"start":{"line":3,"column":0},"end":{"line":3,"column":28}},"2":{"start":{"line":4,"column":17},"end":{"line":4,"column":39}},"3":{"start":{"line":5,"column":14},"end":{"line":5,"column":32}},"4":{"start":{"line":6,"column":18},"end":{"line":26,"column":3}},"5":{"start":{"line":8,"column":8},"end":{"line":8,"column":57}},"6":{"start":{"line":9,"column":8},"end":{"line":9,"column":43}},"7":{"start":{"line":11,"column":4},"end":{"line":24,"column":6}},"8":{"start":{"line":12,"column":8},"end":{"line":22,"column":9}},"9":{"start":{"line":13,"column":22},"end":{"line":13,"column":52}},"10":{"start":{"line":14,"column":23},"end":{"line":14,"column":37}},"11":{"start":{"line":15,"column":12},"end":{"line":20,"column":13}},"12":{"start":{"line":16,"column":25},"end":{"line":16,"column":58}},"13":{"start":{"line":16,"column":68},"end":{"line":16,"column":73}},"14":{"start":{"line":16,"column":82},"end":{"line":16,"column":87}},"15":{"start":{"line":17,"column":28},"end":{"line":17,"column":30}},"16":{"start":{"line":18,"column":16},"end":{"line":18,"column":66}},"17":{"start":{"line":19,"column":16},"end":{"line":19,"column":91}},"18":{"start":{"line":21,"column":12},"end":{"line":21,"column":73}},"19":{"start":{"line":23,"column":8},"end":{"line":23,"column":20}},"20":{"start":{"line":25,"column":4},"end":{"line":25,"column":22}},"21":{"start":{"line":27,"column":0},"end":{"line":27,"column":32}}},"fnMap":{"0":{"name":"(anonymous_0)","decl":{"start":{"line":6,"column":18},"end":{"line":6,"column":19}},"loc":{"start":{"line":6,"column":30},"end":{"line":26,"column":1}},"line":6},"1":{"name":"TextParser","decl":{"start":{"line":7,"column":13},"end":{"line":7,"column":23}},"loc":{"start":{"line":7,"column":39},"end":{"line":10,"column":5}},"line":7},"2":{"name":"(anonymous_2)","decl":{"start":{"line":11,"column":33},"end":{"line":11,"column":34}},"loc":{"start":{"line":11,"column":55},"end":{"line":24,"column":5}},"line":11}},"branchMap":{"0":{"loc":{"start":{"line":12,"column":8},"end":{"line":22,"column":9}},"type":"if","locations":[{"start":{"line":12,"column":8},"end":{"line":22,"column":9}},{"start":{"line":12,"column":8},"end":{"line":22,"column":9}}],"line":12},"1":{"loc":{"start":{"line":15,"column":12},"end":{"line":20,"column":13}},"type":"if","locations":[{"start":{"line":15,"column":12},"end":{"line":20,"column":13}},{"start":{"line":15,"column":12},"end":{"line":20,"column":13}}],"line":15},"2":{"loc":{"start":{"line":15,"column":16},"end":{"line":15,"column":31}},"type":"binary-expr","locations":[{"start":{"line":15,"column":16},"end":{"line":15,"column":20}},{"start":{"line":15,"column":24},"end":{"line":15,"column":31}}],"line":15}},"s":{"0":1,"1":1,"2":1,"3":1,"4":1,"5":1,"6":1,"7":1,"8":0,"9":0,"10":0,"11":0,"12":0,"13":0,"14":0,"15":0,"16":0,"17":0,"18":0,"19":0,"20":1,"21":1},"f":{"0":1,"1":1,"2":0},"b":{"0":[0,0],"1":[0,0],"2":[0,0]},"inputSourceMap":{"version":3,"file":"/mnt/C012BA0A12BA0586/Study/Programming/JavaScript/YPractice/pixel_chat/src/utils/pixel/parser/textParser.ts","sources":["/mnt/C012BA0A12BA0586/Study/Programming/JavaScript/YPractice/pixel_chat/src/utils/pixel/parser/textParser.ts"],"names":[],"mappings":";;;AAEA,wCAAkD;AAClD,iCAAsD;AAEtD;IAKE,oBAAY,aAAqB;QAJzB,kBAAa,GAAG,IAAI,MAAM,CAAC,eAAe,CAAC,CAAC;QAKlD,IAAI,CAAC,aAAa,GAAG,aAAa,CAAC;IACrC,CAAC;IAED,0BAAK,GAAL,UAAM,IAAY,EAAE,IAAW;QAC7B,IAAI,IAAI,CAAC,MAAM,EAAE;YACf,IAAM,GAAG,GAAG,IAAI,MAAM,CAAC,IAAI,CAAC,aAAa,CAAC,CAAC;YAC3C,IAAM,IAAI,GAAG,GAAG,CAAC,IAAI,CAAC,IAAI,CAAC,CAAC;YAG5B,IAAI,IAAI,IAAI,IAAI,CAAC,CAAC,CAAC,EAAE;gBACb,IAAA,KAAgB,wBAAgB,CAAC,IAAI,CAAC,CAAC,CAAC,CAAC,EAAxC,KAAK,QAAA,EAAE,IAAI,QAA6B,CAAC;gBAChD,IAAM,KAAK,GAAG,EAAE,CAAC;gBAEjB,iBAAS,CAAC,KAAK,EAAE,IAAI,EAAE,IAAI,CAAC,KAAK,CAAC,EAAE,IAAI,CAAC,CAAC;gBAC1C,OAAO,mBAAQ,CAAC,UAAU,CAAC,MAAM,CAAC,EAAE,KAAK,OAAA,EAAE,IAAI,MAAA,EAAE,CAAc,CAAC;aACjE;YAED,OAAO,mBAAQ,CAAC,UAAU,CAAC,MAAM,CAAC,EAAE,IAAI,MAAA,EAAE,CAAc,CAAC;SAC1D;QAED,OAAO,IAAI,CAAC;IACd,CAAC;IACH,iBAAC;AAAD,CAAC,AA5BD,IA4BC;AA5BY,gCAAU","sourcesContent":["import Parser from './parser';\nimport { IData } from './parser.type';\nimport { pixelDOM, VTextNode } from '../pixelDom';\nimport { bindProps, slicePropStorage } from './utils';\n\nexport class TextParser {\n  private replaceRegExp = new RegExp(/{{([^{}]*)}}/g);\n\n  private parserInstant: Parser;\n\n  constructor(parserInstant: Parser) {\n    this.parserInstant = parserInstant;\n  }\n\n  parse(text: string, data: IData): VTextNode | null {\n    if (text.length) {\n      const reg = new RegExp(this.replaceRegExp);\n      const temp = reg.exec(text);\n\n      /* check for template replacement */\n      if (temp && temp[0]) {\n        const [store, path] = slicePropStorage(temp[1]);\n        const props = {};\n\n        bindProps(props, path, data[store], path);\n        return pixelDOM.nodeFabric.create({ props, text }) as VTextNode;\n      }\n\n      return pixelDOM.nodeFabric.create({ text }) as VTextNode;\n    }\n\n    return null;\n  }\n}\n"]},"_coverageSchema":"1a1c01bbd47fc00a2c39e90264f33305004495a9","hash":"bf61fa192dbca91f175e4c929c1b3fd4990b4103","contentHash":"1bb98b62d585cafb194245d88ff073af0b47c141c3f81cbd8c2674f59ae86499"},"/mnt/C012BA0A12BA0586/Study/Programming/JavaScript/YPractice/pixel_chat/src/utils/pixel/parser/parser.type.ts":{"path":"/mnt/C012BA0A12BA0586/Study/Programming/JavaScript/YPractice/pixel_chat/src/utils/pixel/parser/parser.type.ts","statementMap":{"0":{"start":{"line":2,"column":0},"end":{"line":2,"column":62}}},"fnMap":{},"branchMap":{},"s":{"0":1},"f":{},"b":{},"inputSourceMap":{"version":3,"file":"/mnt/C012BA0A12BA0586/Study/Programming/JavaScript/YPractice/pixel_chat/src/utils/pixel/parser/parser.type.ts","sources":["/mnt/C012BA0A12BA0586/Study/Programming/JavaScript/YPractice/pixel_chat/src/utils/pixel/parser/parser.type.ts"],"names":[],"mappings":"","sourcesContent":["import { Props, State, Methods, VirtualNode, EventHandler } from '../pixelDom';\n\ninterface IParsedTag {\n  tagName: string;\n  props: Props;\n  events: EventHandler;\n  listProps: any;\n  isDisplay: boolean;\n  isList?: boolean;\n  children?: VirtualNode[];\n}\n\ninterface IPropStorages {\n  props: 'props';\n  state: 'state';\n  methods: 'methods';\n}\ninterface IData {\n  props: Props;\n  state: State;\n  methods: Methods;\n}\n\ninterface IParentData {\n  componentProps: Props;\n  state: State;\n  methods: Methods;\n}\n\ntype ISliceStore = [keyof IPropStorages, string];\ntype ISliceStoreWithAlt = [keyof IPropStorages, string, keyof IPropStorages | string, string];\n\nexport { IParsedTag, IData, IPropStorages, ISliceStore, ISliceStoreWithAlt, IParentData };\n"]},"_coverageSchema":"1a1c01bbd47fc00a2c39e90264f33305004495a9","hash":"c81592694b3a4982ade49d5469e63acca36ef743","contentHash":"914d49b7b6fe28a18eeffbe2f871d885b00ccedc2e74578e060a1c1ea8f7dd86"},"/mnt/C012BA0A12BA0586/Study/Programming/JavaScript/YPractice/pixel_chat/src/utils/pixel/router/router.spec.ts":{"path":"/mnt/C012BA0A12BA0586/Study/Programming/JavaScript/YPractice/pixel_chat/src/utils/pixel/router/router.spec.ts","statementMap":{"0":{"start":{"line":2,"column":0},"end":{"line":2,"column":62}},"1":{"start":{"line":3,"column":13},"end":{"line":3,"column":28}},"2":{"start":{"line":4,"column":14},"end":{"line":4,"column":30}},"3":{"start":{"line":5,"column":15},"end":{"line":5,"column":34}},"4":{"start":{"line":6,"column":19},"end":{"line":26,"column":1}},"5":{"start":{"line":27,"column":21},"end":{"line":35,"column":1}},"6":{"start":{"line":36,"column":0},"end":{"line":75,"column":3}},"7":{"start":{"line":37,"column":20},"end":{"line":37,"column":26}},"8":{"start":{"line":38,"column":4},"end":{"line":42,"column":7}},"9":{"start":{"line":39,"column":18},"end":{"line":39,"column":68}},"10":{"start":{"line":40,"column":8},"end":{"line":40,"column":38}},"11":{"start":{"line":41,"column":8},"end":{"line":41,"column":49}},"12":{"start":{"line":43,"column":4},"end":{"line":47,"column":7}},"13":{"start":{"line":44,"column":21},"end":{"line":44,"column":43}},"14":{"start":{"line":45,"column":8},"end":{"line":45,"column":36}},"15":{"start":{"line":46,"column":8},"end":{"line":46,"column":89}},"16":{"start":{"line":48,"column":4},"end":{"line":52,"column":7}},"17":{"start":{"line":49,"column":21},"end":{"line":49,"column":43}},"18":{"start":{"line":50,"column":8},"end":{"line":50,"column":49}},"19":{"start":{"line":51,"column":8},"end":{"line":51,"column":83}},"20":{"start":{"line":53,"column":4},"end":{"line":58,"column":7}},"21":{"start":{"line":54,"column":21},"end":{"line":54,"column":43}},"22":{"start":{"line":55,"column":8},"end":{"line":55,"column":39}},"23":{"start":{"line":56,"column":8},"end":{"line":56,"column":69}},"24":{"start":{"line":57,"column":8},"end":{"line":57,"column":63}},"25":{"start":{"line":59,"column":4},"end":{"line":65,"column":7}},"26":{"start":{"line":60,"column":21},"end":{"line":60,"column":43}},"27":{"start":{"line":61,"column":8},"end":{"line":61,"column":38}},"28":{"start":{"line":62,"column":8},"end":{"line":62,"column":61}},"29":{"start":{"line":63,"column":8},"end":{"line":63,"column":39}},"30":{"start":{"line":64,"column":8},"end":{"line":64,"column":65}},"31":{"start":{"line":66,"column":4},"end":{"line":70,"column":7}},"32":{"start":{"line":67,"column":21},"end":{"line":67,"column":43}},"33":{"start":{"line":68,"column":8},"end":{"line":68,"column":28}},"34":{"start":{"line":69,"column":8},"end":{"line":69,"column":77}},"35":{"start":{"line":71,"column":4},"end":{"line":74,"column":7}},"36":{"start":{"line":72,"column":21},"end":{"line":72,"column":43}},"37":{"start":{"line":73,"column":8},"end":{"line":73,"column":83}}},"fnMap":{"0":{"name":"(anonymous_0)","decl":{"start":{"line":29,"column":22},"end":{"line":29,"column":23}},"loc":{"start":{"line":29,"column":34},"end":{"line":29,"column":37}},"line":29},"1":{"name":"(anonymous_1)","decl":{"start":{"line":30,"column":15},"end":{"line":30,"column":16}},"loc":{"start":{"line":30,"column":27},"end":{"line":30,"column":30}},"line":30},"2":{"name":"(anonymous_2)","decl":{"start":{"line":31,"column":22},"end":{"line":31,"column":23}},"loc":{"start":{"line":31,"column":34},"end":{"line":31,"column":37}},"line":31},"3":{"name":"(anonymous_3)","decl":{"start":{"line":32,"column":24},"end":{"line":32,"column":25}},"loc":{"start":{"line":32,"column":36},"end":{"line":32,"column":39}},"line":32},"4":{"name":"(anonymous_4)","decl":{"start":{"line":34,"column":12},"end":{"line":34,"column":13}},"loc":{"start":{"line":34,"column":24},"end":{"line":34,"column":27}},"line":34},"5":{"name":"(anonymous_5)","decl":{"start":{"line":36,"column":19},"end":{"line":36,"column":20}},"loc":{"start":{"line":36,"column":31},"end":{"line":75,"column":1}},"line":36},"6":{"name":"(anonymous_6)","decl":{"start":{"line":38,"column":15},"end":{"line":38,"column":16}},"loc":{"start":{"line":38,"column":27},"end":{"line":42,"column":5}},"line":38},"7":{"name":"(anonymous_7)","decl":{"start":{"line":43,"column":46},"end":{"line":43,"column":47}},"loc":{"start":{"line":43,"column":58},"end":{"line":47,"column":5}},"line":43},"8":{"name":"(anonymous_8)","decl":{"start":{"line":48,"column":54},"end":{"line":48,"column":55}},"loc":{"start":{"line":48,"column":66},"end":{"line":52,"column":5}},"line":48},"9":{"name":"(anonymous_9)","decl":{"start":{"line":53,"column":48},"end":{"line":53,"column":49}},"loc":{"start":{"line":53,"column":60},"end":{"line":58,"column":5}},"line":53},"10":{"name":"(anonymous_10)","decl":{"start":{"line":59,"column":60},"end":{"line":59,"column":61}},"loc":{"start":{"line":59,"column":72},"end":{"line":65,"column":5}},"line":59},"11":{"name":"(anonymous_11)","decl":{"start":{"line":66,"column":50},"end":{"line":66,"column":51}},"loc":{"start":{"line":66,"column":62},"end":{"line":70,"column":5}},"line":66},"12":{"name":"(anonymous_12)","decl":{"start":{"line":71,"column":61},"end":{"line":71,"column":62}},"loc":{"start":{"line":71,"column":73},"end":{"line":74,"column":5}},"line":71}},"branchMap":{},"s":{"0":1,"1":1,"2":1,"3":1,"4":1,"5":1,"6":1,"7":1,"8":1,"9":6,"10":6,"11":6,"12":1,"13":1,"14":1,"15":1,"16":1,"17":1,"18":1,"19":1,"20":1,"21":1,"22":1,"23":1,"24":1,"25":1,"26":1,"27":1,"28":1,"29":1,"30":1,"31":1,"32":1,"33":1,"34":0,"35":1,"36":1,"37":1},"f":{"0":0,"1":0,"2":0,"3":0,"4":4,"5":1,"6":6,"7":1,"8":1,"9":1,"10":1,"11":1,"12":1},"b":{},"inputSourceMap":{"version":3,"file":"/mnt/C012BA0A12BA0586/Study/Programming/JavaScript/YPractice/pixel_chat/src/utils/pixel/router/router.spec.ts","sources":["/mnt/C012BA0A12BA0586/Study/Programming/JavaScript/YPractice/pixel_chat/src/utils/pixel/router/router.spec.ts"],"names":[],"mappings":";;AACA,6BAA8B;AAC9B,+BAA8B;AAC9B,mCAA8B;AAE9B,IAAM,YAAY,GAAG;IACnB,YAAY,EAAE;QACZ,IAAI,EAAE,OAAO;QACb,SAAS,EAAE,OAAO;QAClB,KAAK,EAAE,MAAM;KACd;IACD,MAAM,EAAE;QACN,QAAQ,EAAE;YACR,SAAS,EAAE,cAAc;YACzB,KAAK,EAAE,aAAa;SACrB;QACD,KAAK,EAAE;YACL,SAAS,EAAE,cAAc;YACzB,KAAK,EAAE,qBAAqB;SAC7B;QACD,KAAK,EAAE;YACL,SAAS,EAAE,gBAAgB;YAC3B,KAAK,EAAE,8BAA8B;SACtC;KACF;CACF,CAAC;AAEF,IAAM,cAAc,GAAG;IACrB,UAAU,EAAE;QACV,YAAY,EAAE,cAAO,CAAC;QACtB,KAAK,EAAE,cAAO,CAAC;QACf,YAAY,EAAE,cAAO,CAAC;QACtB,cAAc,EAAE,cAAO,CAAC;KACzB;IACD,MAAM,EAAE,cAAO,CAAC;CACjB,CAAC;AAEF,QAAQ,CAAC,QAAQ,EAAE;IACjB,IAAM,SAAS,GAAG,MAAM,CAAC;IAEzB,UAAU,CAAC;QACT,IAAM,GAAG,GAAG,IAAI,aAAK,CAAC,EAAE,EAAE,EAAE,GAAG,EAAE,kBAAkB,EAAE,CAAC,CAAC;QACvD,SAAS,CAAC,MAAM,GAAG,GAAG,CAAC,MAAM,CAAC;QAC9B,SAAS,CAAC,QAAQ,GAAG,GAAG,CAAC,MAAM,CAAC,QAAQ,CAAC;IAC3C,CAAC,CAAC,CAAC;IAEH,EAAE,CAAC,qCAAqC,EAAE;QACxC,IAAM,MAAM,GAAG,IAAI,gBAAM,EAAE,CAAC;QAC5B,OAAO,CAAC,GAAG,CAAC,MAAM,CAAC,OAAO,CAAC,CAAC;QAC5B,aAAM,CAAC,MAAM,CAAC,CAAC,eAAe,CAAC,SAAS,CAAC,CAAC,KAAK,CAAC,SAAS,CAAC,MAAM,CAAC,OAAO,CAAC,CAAC;IAC5E,CAAC,CAAC,CAAC;IAEH,EAAE,CAAC,6CAA6C,EAAE;QAChD,IAAM,MAAM,GAAG,IAAI,gBAAM,EAAE,CAAC;QAC5B,MAAM,CAAC,iBAAiB,CAAC,cAAqB,CAAC,CAAC;QAChD,aAAM,CAAC,MAAM,CAAC,CAAC,QAAQ,CAAC,gBAAgB,CAAC,CAAC,EAAE,CAAC,GAAG,CAAC,EAAE,CAAC,EAAE,CAAC,WAAW,CAAC,CAAC;IACtE,CAAC,CAAC,CAAC;IAEH,EAAE,CAAC,uCAAuC,EAAE;QAC1C,IAAM,MAAM,GAAG,IAAI,gBAAM,EAAE,CAAC;QAC5B,MAAM,CAAC,SAAS,CAAC,YAAY,CAAC,CAAC;QAE/B,aAAM,CAAC,MAAM,CAAC,YAAY,CAAC,CAAC,EAAE,CAAC,GAAG,CAAC,EAAE,CAAC,EAAE,CAAC,WAAW,CAAC,CAAC;QACtD,aAAM,CAAC,MAAM,CAAC,MAAM,CAAC,CAAC,EAAE,CAAC,GAAG,CAAC,EAAE,CAAC,EAAE,CAAC,WAAW,CAAC,CAAC;IAClD,CAAC,CAAC,CAAC;IAEH,EAAE,CAAC,mDAAmD,EAAE;QACtD,IAAM,MAAM,GAAG,IAAI,gBAAM,EAAE,CAAC;QAC5B,MAAM,CAAC,gBAAgB,CAAC,IAAI,CAAC,CAAC;QAC9B,aAAM,CAAC,MAAM,CAAC,CAAC,QAAQ,CAAC,QAAQ,CAAC,CAAC,KAAK,CAAC,IAAI,CAAC,CAAC;QAE9C,MAAM,CAAC,gBAAgB,CAAC,KAAK,CAAC,CAAC;QAC/B,aAAM,CAAC,MAAM,CAAC,CAAC,QAAQ,CAAC,QAAQ,CAAC,CAAC,GAAG,CAAC,KAAK,CAAC,IAAI,CAAC,CAAC;IACpD,CAAC,CAAC,CAAC;IAEH,EAAE,CAAC,yCAAyC,EAAE;QAC5C,IAAM,MAAM,GAAG,IAAI,gBAAM,EAAE,CAAC;QAC5B,MAAM,CAAC,EAAE,CAAC,QAAQ,CAAC,CAAC;QACpB,aAAM,CAAC,MAAM,CAAC,OAAO,CAAC,KAAK,CAAC,CAAC,QAAQ,CAAC,MAAM,CAAC,CAAC,KAAK,CAAC,QAAQ,CAAC,CAAC;IAChE,CAAC,CAAC,CAAC;IAEH,EAAE,CAAC,oDAAoD,EAAE;QACvD,IAAM,MAAM,GAAG,IAAI,gBAAM,EAAE,CAAC;QAC5B,aAAM,CAAC,MAAM,CAAC,YAAY,CAAC,OAAO,EAAE,OAAO,CAAC,CAAC,CAAC,EAAE,CAAC,KAAK,CAAC,WAAW,CAAC,CAAC;IACtE,CAAC,CAAC,CAAC;AACL,CAAC,CAAC,CAAC","sourcesContent":["/* eslint no-undef: [0, { typeof: true }] */\nimport { expect } from 'chai';\nimport { JSDOM } from 'jsdom';\nimport Router from './router';\n\nconst routerConfig = {\n  defaultRoute: {\n    path: 'login',\n    component: 'Login',\n    title: 'Вход',\n  },\n  routes: {\n    register: {\n      component: 'Registration',\n      title: 'Регистрация',\n    },\n    wrong: {\n      component: 'UserMissPage',\n      title: 'Страница не найдена',\n    },\n    error: {\n      component: 'ServerMissPage',\n      title: 'Страница временно недоступна',\n    },\n  },\n};\n\nconst pixelInstantce = {\n  components: {\n    Registration: () => {},\n    Login: () => {},\n    UserMissPage: () => {},\n    ServerMissPage: () => {},\n  },\n  render: () => {},\n};\n\ndescribe('Router', () => {\n  const envGlobal = global;\n\n  beforeEach(() => {\n    const dom = new JSDOM('', { url: 'http://localhost' });\n    envGlobal.window = dom.window;\n    envGlobal.document = dom.window.document;\n  });\n\n  it('should have window history property', () => {\n    const router = new Router();\n    console.log(router.history);\n    expect(router).haveOwnProperty('history').equal(envGlobal.window.history);\n  });\n\n  it('should can set pixel instantce after create', () => {\n    const router = new Router();\n    router.setPixelInstantce(pixelInstantce as any);\n    expect(router).property('pixelInstantce').to.not.be.an('undefined');\n  });\n\n  it('method setRoutes should create routes', () => {\n    const router = new Router();\n    router.setRoutes(routerConfig);\n\n    expect(router.defaultRoute).to.not.be.an('undefined');\n    expect(router.routes).to.not.be.an('undefined');\n  });\n\n  it('method \"handleAuthChange\" should change auth prop', () => {\n    const router = new Router();\n    router.handleAuthChange(true);\n    expect(router).property('isAuth').equal(true);\n\n    router.handleAuthChange(false);\n    expect(router).property('isAuth').not.equal(true);\n  });\n\n  it('method \"go\" should change history state', () => {\n    const router = new Router();\n    router.go('/login');\n    expect(router.history.state).property('page').equal('/login');\n  });\n\n  it('method \"changeLayout\" should call with correct arg', () => {\n    const router = new Router();\n    expect(router.changeLayout('Login', 'login')).to.equal('<Login />');\n  });\n});\n"]},"_coverageSchema":"1a1c01bbd47fc00a2c39e90264f33305004495a9","hash":"dccf711ed005c68ca0adf246c624644902e5a40e","contentHash":"741bd06537f850f1e7d08ea9dae3648368324aaadd36bdc66ceafd7a2d1b394b"}}